25-12-22 19:30:39.532 [main] INFO  c.animesh.journal.JournalApplication - Starting JournalApplication using Java 17.0.12 with PID 15480 (C:\Users\ghosh\Downloads\journal (1)\journal\target\classes started by ghosh in C:\Users\ghosh\Downloads\journal (1)\journal) 
25-12-22 19:30:39.543 [main] INFO  c.animesh.journal.JournalApplication - The following 1 profile is active: "prod" 
25-12-22 19:30:40.907 [main] INFO  o.s.d.r.c.RepositoryConfigurationDelegate - Bootstrapping Spring Data MongoDB repositories in DEFAULT mode. 
25-12-22 19:30:41.008 [main] INFO  o.s.d.r.c.RepositoryConfigurationDelegate - Finished Spring Data repository scanning in 92 ms. Found 2 MongoDB repository interfaces. 
25-12-22 19:30:41.932 [main] INFO  o.s.boot.tomcat.TomcatWebServer - Tomcat initialized with port 8080 (http) 
25-12-22 19:30:41.950 [main] INFO  o.a.coyote.http11.Http11NioProtocol - Initializing ProtocolHandler ["http-nio-8080"] 
25-12-22 19:30:41.952 [main] INFO  o.a.catalina.core.StandardService - Starting service [Tomcat] 
25-12-22 19:30:41.952 [main] INFO  o.a.catalina.core.StandardEngine - Starting Servlet engine: [Apache Tomcat/11.0.14] 
25-12-22 19:30:42.056 [main] INFO  o.s.b.w.c.s.WebApplicationContextInitializer - Root WebApplicationContext: initialization completed in 2360 ms 
25-12-22 19:30:42.689 [main] INFO  org.mongodb.driver.client - MongoClient with metadata {"application": {"name": "Cluster0"}, "driver": {"name": "mongo-java-driver|spring-boot|sync", "version": "5.6.1"}, "os": {"type": "Windows", "name": "Windows 11", "architecture": "amd64", "version": "10.0"}, "platform": "Java/Oracle Corporation/17.0.12+8-LTS-286"} created with settings MongoClientSettings{readPreference=primary, writeConcern=WriteConcern{w=null, wTimeout=null ms, journal=null}, retryWrites=true, retryReads=true, readConcern=ReadConcern{level=null}, credential=MongoCredential{mechanism=null, userName='animeshjojo', source='admin', password=<hidden>, mechanismProperties=<hidden>}, transportSettings=null, commandListeners=[], codecRegistry=ProvidersCodecRegistry{codecProviders=[ValueCodecProvider{}, BsonValueCodecProvider{}, DBRefCodecProvider{}, DBObjectCodecProvider{}, DocumentCodecProvider{}, CollectionCodecProvider{}, IterableCodecProvider{}, MapCodecProvider{}, GeoJsonCodecProvider{}, GridFSFileCodecProvider{}, Jsr310CodecProvider{}, JsonObjectCodecProvider{}, BsonCodecProvider{}, com.mongodb.client.model.mql.ExpressionCodecProvider@608cd501, com.mongodb.Jep395RecordCodecProvider@3b97907c, com.mongodb.KotlinCodecProvider@59096b66, EnumCodecProvider{}]}, loggerSettings=LoggerSettings{maxDocumentLength=1000}, clusterSettings={hosts=[127.0.0.1:27017], srvHost=cluster0.smqbtnc.mongodb.net, srvServiceName=mongodb, mode=MULTIPLE, requiredClusterType=REPLICA_SET, requiredReplicaSetName='atlas-jhfbgt-shard-0', serverSelector='null', clusterListeners='[]', serverSelectionTimeout='30000 ms', localThreshold='15 ms'}, socketSettings=SocketSettings{connectTimeoutMS=10000, readTimeoutMS=0, receiveBufferSize=0, proxySettings=ProxySettings{host=null, port=null, username=null, password=null}}, heartbeatSocketSettings=SocketSettings{connectTimeoutMS=10000, readTimeoutMS=10000, receiveBufferSize=0, proxySettings=ProxySettings{host=null, port=null, username=null, password=null}}, connectionPoolSettings=ConnectionPoolSettings{maxSize=100, minSize=0, maxWaitTimeMS=120000, maxConnectionLifeTimeMS=0, maxConnectionIdleTimeMS=0, maintenanceInitialDelayMS=0, maintenanceFrequencyMS=60000, connectionPoolListeners=[], maxConnecting=2}, serverSettings=ServerSettings{heartbeatFrequencyMS=10000, minHeartbeatFrequencyMS=500, serverMonitoringMode=AUTO, serverListeners='[]', serverMonitorListeners='[]'}, sslSettings=SslSettings{enabled=true, invalidHostNameAllowed=false, context=null}, applicationName='Cluster0', compressorList=[], uuidRepresentation=UNSPECIFIED, serverApi=null, autoEncryptionSettings=null, dnsClient=null, inetAddressResolver=null, contextProvider=null, timeoutMS=null} 
25-12-22 19:30:42.768 [cluster-ClusterId{value='69494f0ad7cdd1741e1d2527', description='Cluster0'}-srv-cluster0.smqbtnc.mongodb.net] INFO  org.mongodb.driver.cluster - Adding discovered server ac-ymlp8ws-shard-00-00.smqbtnc.mongodb.net:27017 to client view of cluster 
25-12-22 19:30:42.840 [cluster-ClusterId{value='69494f0ad7cdd1741e1d2527', description='Cluster0'}-srv-cluster0.smqbtnc.mongodb.net] INFO  org.mongodb.driver.cluster - Adding discovered server ac-ymlp8ws-shard-00-01.smqbtnc.mongodb.net:27017 to client view of cluster 
25-12-22 19:30:42.841 [cluster-ClusterId{value='69494f0ad7cdd1741e1d2527', description='Cluster0'}-srv-cluster0.smqbtnc.mongodb.net] INFO  org.mongodb.driver.cluster - Adding discovered server ac-ymlp8ws-shard-00-02.smqbtnc.mongodb.net:27017 to client view of cluster 
25-12-22 19:30:43.437 [main] INFO  org.mongodb.driver.cluster - Waiting for server to become available for operation createIndexes with ID 5. Remaining time: 29981 ms. Selector: WritableServerSelector, topology description: {type=REPLICA_SET, servers=[{address=ac-ymlp8ws-shard-00-00.smqbtnc.mongodb.net:27017, type=UNKNOWN, state=CONNECTING}, {address=ac-ymlp8ws-shard-00-01.smqbtnc.mongodb.net:27017, type=UNKNOWN, state=CONNECTING}, {address=ac-ymlp8ws-shard-00-02.smqbtnc.mongodb.net:27017, type=UNKNOWN, state=CONNECTING}]. 
25-12-22 19:30:43.764 [cluster-ClusterId{value='69494f0ad7cdd1741e1d2527', description='Cluster0'}-ac-ymlp8ws-shard-00-00.smqbtnc.mongodb.net:27017] INFO  org.mongodb.driver.cluster - Monitor thread successfully connected to server with description ServerDescription{address=ac-ymlp8ws-shard-00-00.smqbtnc.mongodb.net:27017, type=REPLICA_SET_SECONDARY, cryptd=false, state=CONNECTED, ok=true, minWireVersion=0, maxWireVersion=25, maxDocumentSize=16777216, logicalSessionTimeoutMinutes=30, roundTripTimeNanos=387004300, minRoundTripTimeNanos=0, setName='atlas-jhfbgt-shard-0', canonicalAddress=ac-ymlp8ws-shard-00-00.smqbtnc.mongodb.net:27017, hosts=[ac-ymlp8ws-shard-00-00.smqbtnc.mongodb.net:27017, ac-ymlp8ws-shard-00-01.smqbtnc.mongodb.net:27017, ac-ymlp8ws-shard-00-02.smqbtnc.mongodb.net:27017], passives=[], arbiters=[], primary='ac-ymlp8ws-shard-00-01.smqbtnc.mongodb.net:27017', tagSet=TagSet{[Tag{name='availabilityZone', value='aps1-az1'}, Tag{name='diskState', value='READY'}, Tag{name='nodeType', value='ELECTABLE'}, Tag{name='provider', value='AWS'}, Tag{name='region', value='AP_SOUTH_1'}, Tag{name='workloadType', value='OPERATIONAL'}]}, electionId=null, setVersion=342, topologyVersion=TopologyVersion{processId=6942e35cc164a3f33437ebcb, counter=4}, lastWriteDate=Mon Dec 22 19:30:43 IST 2025, lastUpdateTimeNanos=1559659927369500} 
25-12-22 19:30:43.764 [cluster-ClusterId{value='69494f0ad7cdd1741e1d2527', description='Cluster0'}-ac-ymlp8ws-shard-00-02.smqbtnc.mongodb.net:27017] INFO  org.mongodb.driver.cluster - Monitor thread successfully connected to server with description ServerDescription{address=ac-ymlp8ws-shard-00-02.smqbtnc.mongodb.net:27017, type=REPLICA_SET_SECONDARY, cryptd=false, state=CONNECTED, ok=true, minWireVersion=0, maxWireVersion=25, maxDocumentSize=16777216, logicalSessionTimeoutMinutes=30, roundTripTimeNanos=394464100, minRoundTripTimeNanos=0, setName='atlas-jhfbgt-shard-0', canonicalAddress=ac-ymlp8ws-shard-00-02.smqbtnc.mongodb.net:27017, hosts=[ac-ymlp8ws-shard-00-00.smqbtnc.mongodb.net:27017, ac-ymlp8ws-shard-00-01.smqbtnc.mongodb.net:27017, ac-ymlp8ws-shard-00-02.smqbtnc.mongodb.net:27017], passives=[], arbiters=[], primary='ac-ymlp8ws-shard-00-01.smqbtnc.mongodb.net:27017', tagSet=TagSet{[Tag{name='availabilityZone', value='aps1-az2'}, Tag{name='diskState', value='READY'}, Tag{name='nodeType', value='ELECTABLE'}, Tag{name='provider', value='AWS'}, Tag{name='region', value='AP_SOUTH_1'}, Tag{name='workloadType', value='OPERATIONAL'}]}, electionId=null, setVersion=342, topologyVersion=TopologyVersion{processId=6942e3e41755a39e3578aea7, counter=3}, lastWriteDate=Mon Dec 22 19:30:43 IST 2025, lastUpdateTimeNanos=1559659927370200} 
25-12-22 19:30:44.508 [cluster-ClusterId{value='69494f0ad7cdd1741e1d2527', description='Cluster0'}-ac-ymlp8ws-shard-00-01.smqbtnc.mongodb.net:27017] INFO  org.mongodb.driver.cluster - Monitor thread successfully connected to server with description ServerDescription{address=ac-ymlp8ws-shard-00-01.smqbtnc.mongodb.net:27017, type=REPLICA_SET_PRIMARY, cryptd=false, state=CONNECTED, ok=true, minWireVersion=0, maxWireVersion=25, maxDocumentSize=16777216, logicalSessionTimeoutMinutes=30, roundTripTimeNanos=292748400, minRoundTripTimeNanos=0, setName='atlas-jhfbgt-shard-0', canonicalAddress=ac-ymlp8ws-shard-00-01.smqbtnc.mongodb.net:27017, hosts=[ac-ymlp8ws-shard-00-00.smqbtnc.mongodb.net:27017, ac-ymlp8ws-shard-00-01.smqbtnc.mongodb.net:27017, ac-ymlp8ws-shard-00-02.smqbtnc.mongodb.net:27017], passives=[], arbiters=[], primary='ac-ymlp8ws-shard-00-01.smqbtnc.mongodb.net:27017', tagSet=TagSet{[Tag{name='availabilityZone', value='aps1-az3'}, Tag{name='diskState', value='READY'}, Tag{name='nodeType', value='ELECTABLE'}, Tag{name='provider', value='AWS'}, Tag{name='region', value='AP_SOUTH_1'}, Tag{name='workloadType', value='OPERATIONAL'}]}, electionId=7fffffff000000000000013b, setVersion=342, topologyVersion=TopologyVersion{processId=6942e39f6e04aa748dda7da2, counter=6}, lastWriteDate=Mon Dec 22 19:30:44 IST 2025, lastUpdateTimeNanos=1559660675687400} 
25-12-22 19:30:44.510 [cluster-ClusterId{value='69494f0ad7cdd1741e1d2527', description='Cluster0'}-ac-ymlp8ws-shard-00-01.smqbtnc.mongodb.net:27017] INFO  org.mongodb.driver.cluster - Discovered replica set primary ac-ymlp8ws-shard-00-01.smqbtnc.mongodb.net:27017 with max election id 7fffffff000000000000013b and max set version 342 
25-12-22 19:30:45.652 [main] WARN  o.s.s.c.a.a.c.InitializeUserDetailsBeanManagerConfigurer$InitializeUserDetailsManagerConfigurer - Global AuthenticationManager configured with an AuthenticationProvider bean. UserDetailsService beans will not be used by Spring Security for automatically configuring username/password login. Consider removing the AuthenticationProvider bean. Alternatively, consider using the UserDetailsService in a manually instantiated DaoAuthenticationProvider. If the current configuration is intentional, to turn off this warning, increase the logging level of 'org.springframework.security.config.annotation.authentication.configuration.InitializeUserDetailsBeanManagerConfigurer' to ERROR 
25-12-22 19:30:46.471 [main] INFO  o.a.coyote.http11.Http11NioProtocol - Starting ProtocolHandler ["http-nio-8080"] 
25-12-22 19:30:46.504 [main] INFO  o.s.boot.tomcat.TomcatWebServer - Tomcat started on port 8080 (http) with context path '/app' 
25-12-22 19:30:46.519 [main] INFO  c.animesh.journal.JournalApplication - Started JournalApplication in 7.762 seconds (process running for 9.008) 
25-12-22 19:31:51.262 [http-nio-8080-exec-2] INFO  o.a.c.c.C.[.[localhost].[/app] - Initializing Spring DispatcherServlet 'dispatcherServlet' 
25-12-22 19:31:51.263 [http-nio-8080-exec-2] INFO  o.s.web.servlet.DispatcherServlet - Initializing Servlet 'dispatcherServlet' 
25-12-22 19:31:51.265 [http-nio-8080-exec-2] INFO  o.s.web.servlet.DispatcherServlet - Completed initialization in 2 ms 
25-12-22 19:31:51.420 [http-nio-8080-exec-2] ERROR o.a.c.c.C.[.[.[.[dispatcherServlet] - Servlet.service() for servlet [dispatcherServlet] in context with path [/app] threw exception [Request processing failed: java.lang.IllegalArgumentException: API key must either be provided or set in the environment variable GOOGLE_API_KEY.] with root cause 
java.lang.NullPointerException: null
	at java.base/java.util.Objects.requireNonNull(Objects.java:208)
	at java.base/java.util.Optional.of(Optional.java:113)
	at com.google.genai.ApiClient.<init>(ApiClient.java:54)
	at com.google.genai.HttpApiClient.<init>(HttpApiClient.java:42)
	at com.google.genai.Client.<init>(Client.java:273)
	at com.google.genai.Client.<init>(Client.java:171)
	at com.animesh.journal.controller.PublicController.getinfo(PublicController.java:41)
	at java.base/jdk.internal.reflect.NativeMethodAccessorImpl.invoke0(Native Method)
	at java.base/jdk.internal.reflect.NativeMethodAccessorImpl.invoke(NativeMethodAccessorImpl.java:77)
	at java.base/jdk.internal.reflect.DelegatingMethodAccessorImpl.invoke(DelegatingMethodAccessorImpl.java:43)
	at java.base/java.lang.reflect.Method.invoke(Method.java:568)
	at org.springframework.web.method.support.InvocableHandlerMethod.doInvoke(InvocableHandlerMethod.java:258)
	at org.springframework.web.method.support.InvocableHandlerMethod.invokeForRequest(InvocableHandlerMethod.java:190)
	at org.springframework.web.servlet.mvc.method.annotation.ServletInvocableHandlerMethod.invokeAndHandle(ServletInvocableHandlerMethod.java:117)
	at org.springframework.web.servlet.mvc.method.annotation.RequestMappingHandlerAdapter.invokeHandlerMethod(RequestMappingHandlerAdapter.java:934)
	at org.springframework.web.servlet.mvc.method.annotation.RequestMappingHandlerAdapter.handleInternal(RequestMappingHandlerAdapter.java:853)
	at org.springframework.web.servlet.mvc.method.AbstractHandlerMethodAdapter.handle(AbstractHandlerMethodAdapter.java:86)
	at org.springframework.web.servlet.DispatcherServlet.doDispatch(DispatcherServlet.java:963)
	at org.springframework.web.servlet.DispatcherServlet.doService(DispatcherServlet.java:866)
	at org.springframework.web.servlet.FrameworkServlet.processRequest(FrameworkServlet.java:1003)
	at org.springframework.web.servlet.FrameworkServlet.doGet(FrameworkServlet.java:892)
	at jakarta.servlet.http.HttpServlet.service(HttpServlet.java:622)
	at org.springframework.web.servlet.FrameworkServlet.service(FrameworkServlet.java:874)
	at jakarta.servlet.http.HttpServlet.service(HttpServlet.java:710)
	at org.apache.catalina.core.ApplicationFilterChain.doFilter(ApplicationFilterChain.java:128)
	at org.apache.tomcat.websocket.server.WsFilter.doFilter(WsFilter.java:53)
	at org.apache.catalina.core.ApplicationFilterChain.doFilter(ApplicationFilterChain.java:107)
	at org.springframework.web.filter.CompositeFilter$VirtualFilterChain.doFilter(CompositeFilter.java:108)
	at org.springframework.security.web.FilterChainProxy.lambda$doFilterInternal$3(FilterChainProxy.java:235)
	at org.springframework.security.web.FilterChainProxy$VirtualFilterChain.doFilter(FilterChainProxy.java:371)
	at org.springframework.security.web.access.intercept.AuthorizationFilter.doFilter(AuthorizationFilter.java:101)
	at org.springframework.security.web.FilterChainProxy$VirtualFilterChain.doFilter(FilterChainProxy.java:380)
	at org.springframework.security.web.access.ExceptionTranslationFilter.doFilter(ExceptionTranslationFilter.java:126)
	at org.springframework.security.web.access.ExceptionTranslationFilter.doFilter(ExceptionTranslationFilter.java:120)
	at org.springframework.security.web.FilterChainProxy$VirtualFilterChain.doFilter(FilterChainProxy.java:380)
	at org.springframework.security.web.authentication.AnonymousAuthenticationFilter.doFilter(AnonymousAuthenticationFilter.java:100)
	at org.springframework.security.web.FilterChainProxy$VirtualFilterChain.doFilter(FilterChainProxy.java:380)
	at org.springframework.security.web.servletapi.SecurityContextHolderAwareRequestFilter.doFilter(SecurityContextHolderAwareRequestFilter.java:181)
	at org.springframework.security.web.FilterChainProxy$VirtualFilterChain.doFilter(FilterChainProxy.java:380)
	at org.springframework.security.web.savedrequest.RequestCacheAwareFilter.doFilter(RequestCacheAwareFilter.java:63)
	at org.springframework.security.web.FilterChainProxy$VirtualFilterChain.doFilter(FilterChainProxy.java:380)
	at org.springframework.security.web.authentication.www.BasicAuthenticationFilter.doFilterInternal(BasicAuthenticationFilter.java:198)
	at org.springframework.web.filter.OncePerRequestFilter.doFilter(OncePerRequestFilter.java:116)
	at org.springframework.security.web.FilterChainProxy$VirtualFilterChain.doFilter(FilterChainProxy.java:380)
	at org.springframework.security.web.authentication.logout.LogoutFilter.doFilter(LogoutFilter.java:110)
	at org.springframework.security.web.authentication.logout.LogoutFilter.doFilter(LogoutFilter.java:96)
	at org.springframework.security.web.FilterChainProxy$VirtualFilterChain.doFilter(FilterChainProxy.java:380)
	at org.springframework.security.web.header.HeaderWriterFilter.doHeadersAfter(HeaderWriterFilter.java:90)
	at org.springframework.security.web.header.HeaderWriterFilter.doFilterInternal(HeaderWriterFilter.java:75)
	at org.springframework.web.filter.OncePerRequestFilter.doFilter(OncePerRequestFilter.java:116)
	at org.springframework.security.web.FilterChainProxy$VirtualFilterChain.doFilter(FilterChainProxy.java:380)
	at org.springframework.security.web.context.SecurityContextHolderFilter.doFilter(SecurityContextHolderFilter.java:82)
	at org.springframework.security.web.context.SecurityContextHolderFilter.doFilter(SecurityContextHolderFilter.java:69)
	at org.springframework.security.web.FilterChainProxy$VirtualFilterChain.doFilter(FilterChainProxy.java:380)
	at org.springframework.security.web.context.request.async.WebAsyncManagerIntegrationFilter.doFilterInternal(WebAsyncManagerIntegrationFilter.java:62)
	at org.springframework.web.filter.OncePerRequestFilter.doFilter(OncePerRequestFilter.java:116)
	at org.springframework.security.web.FilterChainProxy$VirtualFilterChain.doFilter(FilterChainProxy.java:380)
	at org.springframework.security.web.session.DisableEncodeUrlFilter.doFilterInternal(DisableEncodeUrlFilter.java:42)
	at org.springframework.web.filter.OncePerRequestFilter.doFilter(OncePerRequestFilter.java:116)
	at org.springframework.security.web.FilterChainProxy$VirtualFilterChain.doFilter(FilterChainProxy.java:380)
	at org.springframework.security.web.FilterChainProxy.doFilterInternal(FilterChainProxy.java:237)
	at org.springframework.security.web.FilterChainProxy.doFilter(FilterChainProxy.java:195)
	at org.springframework.web.filter.CompositeFilter$VirtualFilterChain.doFilter(CompositeFilter.java:113)
	at org.springframework.web.filter.ServletRequestPathFilter.doFilter(ServletRequestPathFilter.java:52)
	at org.springframework.web.filter.CompositeFilter$VirtualFilterChain.doFilter(CompositeFilter.java:113)
	at org.springframework.web.filter.CompositeFilter.doFilter(CompositeFilter.java:74)
	at org.springframework.security.config.annotation.web.configuration.WebSecurityConfiguration$CompositeFilterChainProxy.doFilter(WebSecurityConfiguration.java:317)
	at org.springframework.web.filter.DelegatingFilterProxy.invokeDelegate(DelegatingFilterProxy.java:355)
	at org.springframework.web.filter.DelegatingFilterProxy.doFilter(DelegatingFilterProxy.java:272)
	at org.apache.catalina.core.ApplicationFilterChain.doFilter(ApplicationFilterChain.java:107)
	at org.springframework.web.filter.RequestContextFilter.doFilterInternal(RequestContextFilter.java:100)
	at org.springframework.web.filter.OncePerRequestFilter.doFilter(OncePerRequestFilter.java:116)
	at org.apache.catalina.core.ApplicationFilterChain.doFilter(ApplicationFilterChain.java:107)
	at org.springframework.web.filter.FormContentFilter.doFilterInternal(FormContentFilter.java:93)
	at org.springframework.web.filter.OncePerRequestFilter.doFilter(OncePerRequestFilter.java:116)
	at org.apache.catalina.core.ApplicationFilterChain.doFilter(ApplicationFilterChain.java:107)
	at org.springframework.web.filter.CharacterEncodingFilter.doFilterInternal(CharacterEncodingFilter.java:199)
	at org.springframework.web.filter.OncePerRequestFilter.doFilter(OncePerRequestFilter.java:116)
	at org.apache.catalina.core.ApplicationFilterChain.doFilter(ApplicationFilterChain.java:107)
	at org.apache.catalina.core.StandardWrapperValve.invoke(StandardWrapperValve.java:165)
	at org.apache.catalina.core.StandardContextValve.invoke(StandardContextValve.java:77)
	at org.apache.catalina.authenticator.AuthenticatorBase.invoke(AuthenticatorBase.java:482)
	at org.apache.catalina.core.StandardHostValve.invoke(StandardHostValve.java:113)
	at org.apache.catalina.valves.ErrorReportValve.invoke(ErrorReportValve.java:83)
	at org.apache.catalina.core.StandardEngineValve.invoke(StandardEngineValve.java:72)
	at org.apache.catalina.connector.CoyoteAdapter.service(CoyoteAdapter.java:341)
	at org.apache.coyote.http11.Http11Processor.service(Http11Processor.java:397)
	at org.apache.coyote.AbstractProcessorLight.process(AbstractProcessorLight.java:63)
	at org.apache.coyote.AbstractProtocol$ConnectionHandler.process(AbstractProtocol.java:903)
	at org.apache.tomcat.util.net.NioEndpoint$SocketProcessor.doRun(NioEndpoint.java:1778)
	at org.apache.tomcat.util.net.SocketProcessorBase.run(SocketProcessorBase.java:52)
	at org.apache.tomcat.util.threads.ThreadPoolExecutor.runWorker(ThreadPoolExecutor.java:946)
	at org.apache.tomcat.util.threads.ThreadPoolExecutor$Worker.run(ThreadPoolExecutor.java:480)
	at org.apache.tomcat.util.threads.TaskThread$WrappingRunnable.run(TaskThread.java:57)
	at java.base/java.lang.Thread.run(Thread.java:842)
25-12-22 19:31:51.562 [http-nio-8080-exec-2] WARN  o.a.c.util.SessionIdGeneratorBase - Creation of SecureRandom instance for session ID generation using [SHA1PRNG] took [113] milliseconds. 
25-12-22 19:32:21.639 [http-nio-8080-exec-3] ERROR o.a.c.c.C.[.[.[.[dispatcherServlet] - Servlet.service() for servlet [dispatcherServlet] in context with path [/app] threw exception [Request processing failed: java.lang.IllegalArgumentException: API key must either be provided or set in the environment variable GOOGLE_API_KEY.] with root cause 
java.lang.NullPointerException: null
	at java.base/java.util.Objects.requireNonNull(Objects.java:208)
	at java.base/java.util.Optional.of(Optional.java:113)
	at com.google.genai.ApiClient.<init>(ApiClient.java:54)
	at com.google.genai.HttpApiClient.<init>(HttpApiClient.java:42)
	at com.google.genai.Client.<init>(Client.java:273)
	at com.google.genai.Client.<init>(Client.java:171)
	at com.animesh.journal.controller.PublicController.getinfo(PublicController.java:41)
	at java.base/jdk.internal.reflect.NativeMethodAccessorImpl.invoke0(Native Method)
	at java.base/jdk.internal.reflect.NativeMethodAccessorImpl.invoke(NativeMethodAccessorImpl.java:77)
	at java.base/jdk.internal.reflect.DelegatingMethodAccessorImpl.invoke(DelegatingMethodAccessorImpl.java:43)
	at java.base/java.lang.reflect.Method.invoke(Method.java:568)
	at org.springframework.web.method.support.InvocableHandlerMethod.doInvoke(InvocableHandlerMethod.java:258)
	at org.springframework.web.method.support.InvocableHandlerMethod.invokeForRequest(InvocableHandlerMethod.java:190)
	at org.springframework.web.servlet.mvc.method.annotation.ServletInvocableHandlerMethod.invokeAndHandle(ServletInvocableHandlerMethod.java:117)
	at org.springframework.web.servlet.mvc.method.annotation.RequestMappingHandlerAdapter.invokeHandlerMethod(RequestMappingHandlerAdapter.java:934)
	at org.springframework.web.servlet.mvc.method.annotation.RequestMappingHandlerAdapter.handleInternal(RequestMappingHandlerAdapter.java:853)
	at org.springframework.web.servlet.mvc.method.AbstractHandlerMethodAdapter.handle(AbstractHandlerMethodAdapter.java:86)
	at org.springframework.web.servlet.DispatcherServlet.doDispatch(DispatcherServlet.java:963)
	at org.springframework.web.servlet.DispatcherServlet.doService(DispatcherServlet.java:866)
	at org.springframework.web.servlet.FrameworkServlet.processRequest(FrameworkServlet.java:1003)
	at org.springframework.web.servlet.FrameworkServlet.doGet(FrameworkServlet.java:892)
	at jakarta.servlet.http.HttpServlet.service(HttpServlet.java:622)
	at org.springframework.web.servlet.FrameworkServlet.service(FrameworkServlet.java:874)
	at jakarta.servlet.http.HttpServlet.service(HttpServlet.java:710)
	at org.apache.catalina.core.ApplicationFilterChain.doFilter(ApplicationFilterChain.java:128)
	at org.apache.tomcat.websocket.server.WsFilter.doFilter(WsFilter.java:53)
	at org.apache.catalina.core.ApplicationFilterChain.doFilter(ApplicationFilterChain.java:107)
	at org.springframework.web.filter.CompositeFilter$VirtualFilterChain.doFilter(CompositeFilter.java:108)
	at org.springframework.security.web.FilterChainProxy.lambda$doFilterInternal$3(FilterChainProxy.java:235)
	at org.springframework.security.web.FilterChainProxy$VirtualFilterChain.doFilter(FilterChainProxy.java:371)
	at org.springframework.security.web.access.intercept.AuthorizationFilter.doFilter(AuthorizationFilter.java:101)
	at org.springframework.security.web.FilterChainProxy$VirtualFilterChain.doFilter(FilterChainProxy.java:380)
	at org.springframework.security.web.access.ExceptionTranslationFilter.doFilter(ExceptionTranslationFilter.java:126)
	at org.springframework.security.web.access.ExceptionTranslationFilter.doFilter(ExceptionTranslationFilter.java:120)
	at org.springframework.security.web.FilterChainProxy$VirtualFilterChain.doFilter(FilterChainProxy.java:380)
	at org.springframework.security.web.authentication.AnonymousAuthenticationFilter.doFilter(AnonymousAuthenticationFilter.java:100)
	at org.springframework.security.web.FilterChainProxy$VirtualFilterChain.doFilter(FilterChainProxy.java:380)
	at org.springframework.security.web.servletapi.SecurityContextHolderAwareRequestFilter.doFilter(SecurityContextHolderAwareRequestFilter.java:181)
	at org.springframework.security.web.FilterChainProxy$VirtualFilterChain.doFilter(FilterChainProxy.java:380)
	at org.springframework.security.web.savedrequest.RequestCacheAwareFilter.doFilter(RequestCacheAwareFilter.java:63)
	at org.springframework.security.web.FilterChainProxy$VirtualFilterChain.doFilter(FilterChainProxy.java:380)
	at org.springframework.security.web.authentication.www.BasicAuthenticationFilter.doFilterInternal(BasicAuthenticationFilter.java:198)
	at org.springframework.web.filter.OncePerRequestFilter.doFilter(OncePerRequestFilter.java:116)
	at org.springframework.security.web.FilterChainProxy$VirtualFilterChain.doFilter(FilterChainProxy.java:380)
	at org.springframework.security.web.authentication.logout.LogoutFilter.doFilter(LogoutFilter.java:110)
	at org.springframework.security.web.authentication.logout.LogoutFilter.doFilter(LogoutFilter.java:96)
	at org.springframework.security.web.FilterChainProxy$VirtualFilterChain.doFilter(FilterChainProxy.java:380)
	at org.springframework.security.web.header.HeaderWriterFilter.doHeadersAfter(HeaderWriterFilter.java:90)
	at org.springframework.security.web.header.HeaderWriterFilter.doFilterInternal(HeaderWriterFilter.java:75)
	at org.springframework.web.filter.OncePerRequestFilter.doFilter(OncePerRequestFilter.java:116)
	at org.springframework.security.web.FilterChainProxy$VirtualFilterChain.doFilter(FilterChainProxy.java:380)
	at org.springframework.security.web.context.SecurityContextHolderFilter.doFilter(SecurityContextHolderFilter.java:82)
	at org.springframework.security.web.context.SecurityContextHolderFilter.doFilter(SecurityContextHolderFilter.java:69)
	at org.springframework.security.web.FilterChainProxy$VirtualFilterChain.doFilter(FilterChainProxy.java:380)
	at org.springframework.security.web.context.request.async.WebAsyncManagerIntegrationFilter.doFilterInternal(WebAsyncManagerIntegrationFilter.java:62)
	at org.springframework.web.filter.OncePerRequestFilter.doFilter(OncePerRequestFilter.java:116)
	at org.springframework.security.web.FilterChainProxy$VirtualFilterChain.doFilter(FilterChainProxy.java:380)
	at org.springframework.security.web.session.DisableEncodeUrlFilter.doFilterInternal(DisableEncodeUrlFilter.java:42)
	at org.springframework.web.filter.OncePerRequestFilter.doFilter(OncePerRequestFilter.java:116)
	at org.springframework.security.web.FilterChainProxy$VirtualFilterChain.doFilter(FilterChainProxy.java:380)
	at org.springframework.security.web.FilterChainProxy.doFilterInternal(FilterChainProxy.java:237)
	at org.springframework.security.web.FilterChainProxy.doFilter(FilterChainProxy.java:195)
	at org.springframework.web.filter.CompositeFilter$VirtualFilterChain.doFilter(CompositeFilter.java:113)
	at org.springframework.web.filter.ServletRequestPathFilter.doFilter(ServletRequestPathFilter.java:52)
	at org.springframework.web.filter.CompositeFilter$VirtualFilterChain.doFilter(CompositeFilter.java:113)
	at org.springframework.web.filter.CompositeFilter.doFilter(CompositeFilter.java:74)
	at org.springframework.security.config.annotation.web.configuration.WebSecurityConfiguration$CompositeFilterChainProxy.doFilter(WebSecurityConfiguration.java:317)
	at org.springframework.web.filter.DelegatingFilterProxy.invokeDelegate(DelegatingFilterProxy.java:355)
	at org.springframework.web.filter.DelegatingFilterProxy.doFilter(DelegatingFilterProxy.java:272)
	at org.apache.catalina.core.ApplicationFilterChain.doFilter(ApplicationFilterChain.java:107)
	at org.springframework.web.filter.RequestContextFilter.doFilterInternal(RequestContextFilter.java:100)
	at org.springframework.web.filter.OncePerRequestFilter.doFilter(OncePerRequestFilter.java:116)
	at org.apache.catalina.core.ApplicationFilterChain.doFilter(ApplicationFilterChain.java:107)
	at org.springframework.web.filter.FormContentFilter.doFilterInternal(FormContentFilter.java:93)
	at org.springframework.web.filter.OncePerRequestFilter.doFilter(OncePerRequestFilter.java:116)
	at org.apache.catalina.core.ApplicationFilterChain.doFilter(ApplicationFilterChain.java:107)
	at org.springframework.web.filter.CharacterEncodingFilter.doFilterInternal(CharacterEncodingFilter.java:199)
	at org.springframework.web.filter.OncePerRequestFilter.doFilter(OncePerRequestFilter.java:116)
	at org.apache.catalina.core.ApplicationFilterChain.doFilter(ApplicationFilterChain.java:107)
	at org.apache.catalina.core.StandardWrapperValve.invoke(StandardWrapperValve.java:165)
	at org.apache.catalina.core.StandardContextValve.invoke(StandardContextValve.java:77)
	at org.apache.catalina.authenticator.AuthenticatorBase.invoke(AuthenticatorBase.java:482)
	at org.apache.catalina.core.StandardHostValve.invoke(StandardHostValve.java:113)
	at org.apache.catalina.valves.ErrorReportValve.invoke(ErrorReportValve.java:83)
	at org.apache.catalina.core.StandardEngineValve.invoke(StandardEngineValve.java:72)
	at org.apache.catalina.connector.CoyoteAdapter.service(CoyoteAdapter.java:341)
	at org.apache.coyote.http11.Http11Processor.service(Http11Processor.java:397)
	at org.apache.coyote.AbstractProcessorLight.process(AbstractProcessorLight.java:63)
	at org.apache.coyote.AbstractProtocol$ConnectionHandler.process(AbstractProtocol.java:903)
	at org.apache.tomcat.util.net.NioEndpoint$SocketProcessor.doRun(NioEndpoint.java:1778)
	at org.apache.tomcat.util.net.SocketProcessorBase.run(SocketProcessorBase.java:52)
	at org.apache.tomcat.util.threads.ThreadPoolExecutor.runWorker(ThreadPoolExecutor.java:946)
	at org.apache.tomcat.util.threads.ThreadPoolExecutor$Worker.run(ThreadPoolExecutor.java:480)
	at org.apache.tomcat.util.threads.TaskThread$WrappingRunnable.run(TaskThread.java:57)
	at java.base/java.lang.Thread.run(Thread.java:842)
25-12-22 19:34:33.355 [SpringApplicationShutdownHook] INFO  o.s.boot.tomcat.GracefulShutdown - Commencing graceful shutdown. Waiting for active requests to complete 
25-12-22 19:34:33.678 [tomcat-shutdown] INFO  o.s.boot.tomcat.GracefulShutdown - Graceful shutdown complete 
25-12-22 19:37:55.398 [main] INFO  c.animesh.journal.JournalApplication - Starting JournalApplication using Java 17.0.12 with PID 14052 (C:\Users\ghosh\Downloads\journal (1)\journal\target\classes started by ghosh in C:\Users\ghosh\Downloads\journal (1)\journal) 
25-12-22 19:37:55.404 [main] INFO  c.animesh.journal.JournalApplication - The following 1 profile is active: "prod" 
25-12-22 19:37:56.662 [main] INFO  o.s.d.r.c.RepositoryConfigurationDelegate - Bootstrapping Spring Data MongoDB repositories in DEFAULT mode. 
25-12-22 19:37:56.814 [main] INFO  o.s.d.r.c.RepositoryConfigurationDelegate - Finished Spring Data repository scanning in 129 ms. Found 2 MongoDB repository interfaces. 
25-12-22 19:37:57.623 [main] INFO  o.s.boot.tomcat.TomcatWebServer - Tomcat initialized with port 8080 (http) 
25-12-22 19:37:57.643 [main] INFO  o.a.coyote.http11.Http11NioProtocol - Initializing ProtocolHandler ["http-nio-8080"] 
25-12-22 19:37:57.646 [main] INFO  o.a.catalina.core.StandardService - Starting service [Tomcat] 
25-12-22 19:37:57.647 [main] INFO  o.a.catalina.core.StandardEngine - Starting Servlet engine: [Apache Tomcat/11.0.14] 
25-12-22 19:37:57.741 [main] INFO  o.s.b.w.c.s.WebApplicationContextInitializer - Root WebApplicationContext: initialization completed in 2220 ms 
25-12-22 19:37:58.562 [main] INFO  org.mongodb.driver.client - MongoClient with metadata {"application": {"name": "Cluster0"}, "driver": {"name": "mongo-java-driver|spring-boot|sync", "version": "5.6.1"}, "os": {"type": "Windows", "name": "Windows 11", "architecture": "amd64", "version": "10.0"}, "platform": "Java/Oracle Corporation/17.0.12+8-LTS-286"} created with settings MongoClientSettings{readPreference=primary, writeConcern=WriteConcern{w=null, wTimeout=null ms, journal=null}, retryWrites=true, retryReads=true, readConcern=ReadConcern{level=null}, credential=MongoCredential{mechanism=null, userName='animeshjojo', source='admin', password=<hidden>, mechanismProperties=<hidden>}, transportSettings=null, commandListeners=[], codecRegistry=ProvidersCodecRegistry{codecProviders=[ValueCodecProvider{}, BsonValueCodecProvider{}, DBRefCodecProvider{}, DBObjectCodecProvider{}, DocumentCodecProvider{}, CollectionCodecProvider{}, IterableCodecProvider{}, MapCodecProvider{}, GeoJsonCodecProvider{}, GridFSFileCodecProvider{}, Jsr310CodecProvider{}, JsonObjectCodecProvider{}, BsonCodecProvider{}, com.mongodb.client.model.mql.ExpressionCodecProvider@1f7cec93, com.mongodb.Jep395RecordCodecProvider@3c9ef6e9, com.mongodb.KotlinCodecProvider@3cdff901, EnumCodecProvider{}]}, loggerSettings=LoggerSettings{maxDocumentLength=1000}, clusterSettings={hosts=[127.0.0.1:27017], srvHost=cluster0.smqbtnc.mongodb.net, srvServiceName=mongodb, mode=MULTIPLE, requiredClusterType=REPLICA_SET, requiredReplicaSetName='atlas-jhfbgt-shard-0', serverSelector='null', clusterListeners='[]', serverSelectionTimeout='30000 ms', localThreshold='15 ms'}, socketSettings=SocketSettings{connectTimeoutMS=10000, readTimeoutMS=0, receiveBufferSize=0, proxySettings=ProxySettings{host=null, port=null, username=null, password=null}}, heartbeatSocketSettings=SocketSettings{connectTimeoutMS=10000, readTimeoutMS=10000, receiveBufferSize=0, proxySettings=ProxySettings{host=null, port=null, username=null, password=null}}, connectionPoolSettings=ConnectionPoolSettings{maxSize=100, minSize=0, maxWaitTimeMS=120000, maxConnectionLifeTimeMS=0, maxConnectionIdleTimeMS=0, maintenanceInitialDelayMS=0, maintenanceFrequencyMS=60000, connectionPoolListeners=[], maxConnecting=2}, serverSettings=ServerSettings{heartbeatFrequencyMS=10000, minHeartbeatFrequencyMS=500, serverMonitoringMode=AUTO, serverListeners='[]', serverMonitorListeners='[]'}, sslSettings=SslSettings{enabled=true, invalidHostNameAllowed=false, context=null}, applicationName='Cluster0', compressorList=[], uuidRepresentation=UNSPECIFIED, serverApi=null, autoEncryptionSettings=null, dnsClient=null, inetAddressResolver=null, contextProvider=null, timeoutMS=null} 
25-12-22 19:37:58.619 [cluster-ClusterId{value='694950be013f32a43755ecfe', description='Cluster0'}-srv-cluster0.smqbtnc.mongodb.net] INFO  org.mongodb.driver.cluster - Adding discovered server ac-ymlp8ws-shard-00-00.smqbtnc.mongodb.net:27017 to client view of cluster 
25-12-22 19:37:58.745 [cluster-ClusterId{value='694950be013f32a43755ecfe', description='Cluster0'}-srv-cluster0.smqbtnc.mongodb.net] INFO  org.mongodb.driver.cluster - Adding discovered server ac-ymlp8ws-shard-00-01.smqbtnc.mongodb.net:27017 to client view of cluster 
25-12-22 19:37:58.747 [cluster-ClusterId{value='694950be013f32a43755ecfe', description='Cluster0'}-srv-cluster0.smqbtnc.mongodb.net] INFO  org.mongodb.driver.cluster - Adding discovered server ac-ymlp8ws-shard-00-02.smqbtnc.mongodb.net:27017 to client view of cluster 
25-12-22 19:37:59.945 [main] INFO  org.mongodb.driver.cluster - Waiting for server to become available for operation createIndexes with ID 5. Remaining time: 29960 ms. Selector: WritableServerSelector, topology description: {type=REPLICA_SET, servers=[{address=ac-ymlp8ws-shard-00-00.smqbtnc.mongodb.net:27017, type=UNKNOWN, state=CONNECTING}, {address=ac-ymlp8ws-shard-00-01.smqbtnc.mongodb.net:27017, type=UNKNOWN, state=CONNECTING}, {address=ac-ymlp8ws-shard-00-02.smqbtnc.mongodb.net:27017, type=UNKNOWN, state=CONNECTING}]. 
25-12-22 19:38:00.091 [cluster-ClusterId{value='694950be013f32a43755ecfe', description='Cluster0'}-ac-ymlp8ws-shard-00-00.smqbtnc.mongodb.net:27017] INFO  org.mongodb.driver.cluster - Monitor thread successfully connected to server with description ServerDescription{address=ac-ymlp8ws-shard-00-00.smqbtnc.mongodb.net:27017, type=REPLICA_SET_SECONDARY, cryptd=false, state=CONNECTED, ok=true, minWireVersion=0, maxWireVersion=25, maxDocumentSize=16777216, logicalSessionTimeoutMinutes=30, roundTripTimeNanos=717300900, minRoundTripTimeNanos=0, setName='atlas-jhfbgt-shard-0', canonicalAddress=ac-ymlp8ws-shard-00-00.smqbtnc.mongodb.net:27017, hosts=[ac-ymlp8ws-shard-00-00.smqbtnc.mongodb.net:27017, ac-ymlp8ws-shard-00-01.smqbtnc.mongodb.net:27017, ac-ymlp8ws-shard-00-02.smqbtnc.mongodb.net:27017], passives=[], arbiters=[], primary='ac-ymlp8ws-shard-00-01.smqbtnc.mongodb.net:27017', tagSet=TagSet{[Tag{name='availabilityZone', value='aps1-az1'}, Tag{name='diskState', value='READY'}, Tag{name='nodeType', value='ELECTABLE'}, Tag{name='provider', value='AWS'}, Tag{name='region', value='AP_SOUTH_1'}, Tag{name='workloadType', value='OPERATIONAL'}]}, electionId=null, setVersion=342, topologyVersion=TopologyVersion{processId=6942e35cc164a3f33437ebcb, counter=4}, lastWriteDate=Mon Dec 22 19:38:00 IST 2025, lastUpdateTimeNanos=1560096250440700} 
25-12-22 19:38:00.091 [cluster-ClusterId{value='694950be013f32a43755ecfe', description='Cluster0'}-ac-ymlp8ws-shard-00-02.smqbtnc.mongodb.net:27017] INFO  org.mongodb.driver.cluster - Monitor thread successfully connected to server with description ServerDescription{address=ac-ymlp8ws-shard-00-02.smqbtnc.mongodb.net:27017, type=REPLICA_SET_SECONDARY, cryptd=false, state=CONNECTED, ok=true, minWireVersion=0, maxWireVersion=25, maxDocumentSize=16777216, logicalSessionTimeoutMinutes=30, roundTripTimeNanos=717262900, minRoundTripTimeNanos=0, setName='atlas-jhfbgt-shard-0', canonicalAddress=ac-ymlp8ws-shard-00-02.smqbtnc.mongodb.net:27017, hosts=[ac-ymlp8ws-shard-00-00.smqbtnc.mongodb.net:27017, ac-ymlp8ws-shard-00-01.smqbtnc.mongodb.net:27017, ac-ymlp8ws-shard-00-02.smqbtnc.mongodb.net:27017], passives=[], arbiters=[], primary='ac-ymlp8ws-shard-00-01.smqbtnc.mongodb.net:27017', tagSet=TagSet{[Tag{name='availabilityZone', value='aps1-az2'}, Tag{name='diskState', value='READY'}, Tag{name='nodeType', value='ELECTABLE'}, Tag{name='provider', value='AWS'}, Tag{name='region', value='AP_SOUTH_1'}, Tag{name='workloadType', value='OPERATIONAL'}]}, electionId=null, setVersion=342, topologyVersion=TopologyVersion{processId=6942e3e41755a39e3578aea7, counter=3}, lastWriteDate=Mon Dec 22 19:38:00 IST 2025, lastUpdateTimeNanos=1560096250440600} 
25-12-22 19:38:00.091 [cluster-ClusterId{value='694950be013f32a43755ecfe', description='Cluster0'}-ac-ymlp8ws-shard-00-01.smqbtnc.mongodb.net:27017] INFO  org.mongodb.driver.cluster - Monitor thread successfully connected to server with description ServerDescription{address=ac-ymlp8ws-shard-00-01.smqbtnc.mongodb.net:27017, type=REPLICA_SET_PRIMARY, cryptd=false, state=CONNECTED, ok=true, minWireVersion=0, maxWireVersion=25, maxDocumentSize=16777216, logicalSessionTimeoutMinutes=30, roundTripTimeNanos=717323500, minRoundTripTimeNanos=0, setName='atlas-jhfbgt-shard-0', canonicalAddress=ac-ymlp8ws-shard-00-01.smqbtnc.mongodb.net:27017, hosts=[ac-ymlp8ws-shard-00-00.smqbtnc.mongodb.net:27017, ac-ymlp8ws-shard-00-01.smqbtnc.mongodb.net:27017, ac-ymlp8ws-shard-00-02.smqbtnc.mongodb.net:27017], passives=[], arbiters=[], primary='ac-ymlp8ws-shard-00-01.smqbtnc.mongodb.net:27017', tagSet=TagSet{[Tag{name='availabilityZone', value='aps1-az3'}, Tag{name='diskState', value='READY'}, Tag{name='nodeType', value='ELECTABLE'}, Tag{name='provider', value='AWS'}, Tag{name='region', value='AP_SOUTH_1'}, Tag{name='workloadType', value='OPERATIONAL'}]}, electionId=7fffffff000000000000013b, setVersion=342, topologyVersion=TopologyVersion{processId=6942e39f6e04aa748dda7da2, counter=6}, lastWriteDate=Mon Dec 22 19:38:00 IST 2025, lastUpdateTimeNanos=1560096250453000} 
25-12-22 19:38:00.101 [cluster-ClusterId{value='694950be013f32a43755ecfe', description='Cluster0'}-ac-ymlp8ws-shard-00-01.smqbtnc.mongodb.net:27017] INFO  org.mongodb.driver.cluster - Discovered replica set primary ac-ymlp8ws-shard-00-01.smqbtnc.mongodb.net:27017 with max election id 7fffffff000000000000013b and max set version 342 
25-12-22 19:38:01.654 [main] WARN  o.s.s.c.a.a.c.InitializeUserDetailsBeanManagerConfigurer$InitializeUserDetailsManagerConfigurer - Global AuthenticationManager configured with an AuthenticationProvider bean. UserDetailsService beans will not be used by Spring Security for automatically configuring username/password login. Consider removing the AuthenticationProvider bean. Alternatively, consider using the UserDetailsService in a manually instantiated DaoAuthenticationProvider. If the current configuration is intentional, to turn off this warning, increase the logging level of 'org.springframework.security.config.annotation.authentication.configuration.InitializeUserDetailsBeanManagerConfigurer' to ERROR 
25-12-22 19:38:03.016 [main] INFO  o.a.coyote.http11.Http11NioProtocol - Starting ProtocolHandler ["http-nio-8080"] 
25-12-22 19:38:03.075 [main] INFO  o.s.boot.tomcat.TomcatWebServer - Tomcat started on port 8080 (http) with context path '/app' 
25-12-22 19:38:03.093 [main] INFO  c.animesh.journal.JournalApplication - Started JournalApplication in 8.419 seconds (process running for 9.452) 
25-12-22 19:38:06.952 [http-nio-8080-exec-2] INFO  o.a.c.c.C.[.[localhost].[/app] - Initializing Spring DispatcherServlet 'dispatcherServlet' 
25-12-22 19:38:06.953 [http-nio-8080-exec-2] INFO  o.s.web.servlet.DispatcherServlet - Initializing Servlet 'dispatcherServlet' 
25-12-22 19:38:06.957 [http-nio-8080-exec-2] INFO  o.s.web.servlet.DispatcherServlet - Completed initialization in 3 ms 
25-12-22 19:38:07.090 [http-nio-8080-exec-2] ERROR o.a.c.c.C.[.[.[.[dispatcherServlet] - Servlet.service() for servlet [dispatcherServlet] in context with path [/app] threw exception [Request processing failed: java.lang.IllegalArgumentException: API key must either be provided or set in the environment variable GOOGLE_API_KEY.] with root cause 
java.lang.NullPointerException: null
	at java.base/java.util.Objects.requireNonNull(Objects.java:208)
	at java.base/java.util.Optional.of(Optional.java:113)
	at com.google.genai.ApiClient.<init>(ApiClient.java:54)
	at com.google.genai.HttpApiClient.<init>(HttpApiClient.java:42)
	at com.google.genai.Client.<init>(Client.java:273)
	at com.google.genai.Client.<init>(Client.java:171)
	at com.animesh.journal.controller.PublicController.getinfo(PublicController.java:41)
	at java.base/jdk.internal.reflect.NativeMethodAccessorImpl.invoke0(Native Method)
	at java.base/jdk.internal.reflect.NativeMethodAccessorImpl.invoke(NativeMethodAccessorImpl.java:77)
	at java.base/jdk.internal.reflect.DelegatingMethodAccessorImpl.invoke(DelegatingMethodAccessorImpl.java:43)
	at java.base/java.lang.reflect.Method.invoke(Method.java:568)
	at org.springframework.web.method.support.InvocableHandlerMethod.doInvoke(InvocableHandlerMethod.java:258)
	at org.springframework.web.method.support.InvocableHandlerMethod.invokeForRequest(InvocableHandlerMethod.java:190)
	at org.springframework.web.servlet.mvc.method.annotation.ServletInvocableHandlerMethod.invokeAndHandle(ServletInvocableHandlerMethod.java:117)
	at org.springframework.web.servlet.mvc.method.annotation.RequestMappingHandlerAdapter.invokeHandlerMethod(RequestMappingHandlerAdapter.java:934)
	at org.springframework.web.servlet.mvc.method.annotation.RequestMappingHandlerAdapter.handleInternal(RequestMappingHandlerAdapter.java:853)
	at org.springframework.web.servlet.mvc.method.AbstractHandlerMethodAdapter.handle(AbstractHandlerMethodAdapter.java:86)
	at org.springframework.web.servlet.DispatcherServlet.doDispatch(DispatcherServlet.java:963)
	at org.springframework.web.servlet.DispatcherServlet.doService(DispatcherServlet.java:866)
	at org.springframework.web.servlet.FrameworkServlet.processRequest(FrameworkServlet.java:1003)
	at org.springframework.web.servlet.FrameworkServlet.doGet(FrameworkServlet.java:892)
	at jakarta.servlet.http.HttpServlet.service(HttpServlet.java:622)
	at org.springframework.web.servlet.FrameworkServlet.service(FrameworkServlet.java:874)
	at jakarta.servlet.http.HttpServlet.service(HttpServlet.java:710)
	at org.apache.catalina.core.ApplicationFilterChain.doFilter(ApplicationFilterChain.java:128)
	at org.apache.tomcat.websocket.server.WsFilter.doFilter(WsFilter.java:53)
	at org.apache.catalina.core.ApplicationFilterChain.doFilter(ApplicationFilterChain.java:107)
	at org.springframework.web.filter.CompositeFilter$VirtualFilterChain.doFilter(CompositeFilter.java:108)
	at org.springframework.security.web.FilterChainProxy.lambda$doFilterInternal$3(FilterChainProxy.java:235)
	at org.springframework.security.web.FilterChainProxy$VirtualFilterChain.doFilter(FilterChainProxy.java:371)
	at org.springframework.security.web.access.intercept.AuthorizationFilter.doFilter(AuthorizationFilter.java:101)
	at org.springframework.security.web.FilterChainProxy$VirtualFilterChain.doFilter(FilterChainProxy.java:380)
	at org.springframework.security.web.access.ExceptionTranslationFilter.doFilter(ExceptionTranslationFilter.java:126)
	at org.springframework.security.web.access.ExceptionTranslationFilter.doFilter(ExceptionTranslationFilter.java:120)
	at org.springframework.security.web.FilterChainProxy$VirtualFilterChain.doFilter(FilterChainProxy.java:380)
	at org.springframework.security.web.authentication.AnonymousAuthenticationFilter.doFilter(AnonymousAuthenticationFilter.java:100)
	at org.springframework.security.web.FilterChainProxy$VirtualFilterChain.doFilter(FilterChainProxy.java:380)
	at org.springframework.security.web.servletapi.SecurityContextHolderAwareRequestFilter.doFilter(SecurityContextHolderAwareRequestFilter.java:181)
	at org.springframework.security.web.FilterChainProxy$VirtualFilterChain.doFilter(FilterChainProxy.java:380)
	at org.springframework.security.web.savedrequest.RequestCacheAwareFilter.doFilter(RequestCacheAwareFilter.java:63)
	at org.springframework.security.web.FilterChainProxy$VirtualFilterChain.doFilter(FilterChainProxy.java:380)
	at org.springframework.security.web.authentication.www.BasicAuthenticationFilter.doFilterInternal(BasicAuthenticationFilter.java:198)
	at org.springframework.web.filter.OncePerRequestFilter.doFilter(OncePerRequestFilter.java:116)
	at org.springframework.security.web.FilterChainProxy$VirtualFilterChain.doFilter(FilterChainProxy.java:380)
	at org.springframework.security.web.authentication.logout.LogoutFilter.doFilter(LogoutFilter.java:110)
	at org.springframework.security.web.authentication.logout.LogoutFilter.doFilter(LogoutFilter.java:96)
	at org.springframework.security.web.FilterChainProxy$VirtualFilterChain.doFilter(FilterChainProxy.java:380)
	at org.springframework.security.web.header.HeaderWriterFilter.doHeadersAfter(HeaderWriterFilter.java:90)
	at org.springframework.security.web.header.HeaderWriterFilter.doFilterInternal(HeaderWriterFilter.java:75)
	at org.springframework.web.filter.OncePerRequestFilter.doFilter(OncePerRequestFilter.java:116)
	at org.springframework.security.web.FilterChainProxy$VirtualFilterChain.doFilter(FilterChainProxy.java:380)
	at org.springframework.security.web.context.SecurityContextHolderFilter.doFilter(SecurityContextHolderFilter.java:82)
	at org.springframework.security.web.context.SecurityContextHolderFilter.doFilter(SecurityContextHolderFilter.java:69)
	at org.springframework.security.web.FilterChainProxy$VirtualFilterChain.doFilter(FilterChainProxy.java:380)
	at org.springframework.security.web.context.request.async.WebAsyncManagerIntegrationFilter.doFilterInternal(WebAsyncManagerIntegrationFilter.java:62)
	at org.springframework.web.filter.OncePerRequestFilter.doFilter(OncePerRequestFilter.java:116)
	at org.springframework.security.web.FilterChainProxy$VirtualFilterChain.doFilter(FilterChainProxy.java:380)
	at org.springframework.security.web.session.DisableEncodeUrlFilter.doFilterInternal(DisableEncodeUrlFilter.java:42)
	at org.springframework.web.filter.OncePerRequestFilter.doFilter(OncePerRequestFilter.java:116)
	at org.springframework.security.web.FilterChainProxy$VirtualFilterChain.doFilter(FilterChainProxy.java:380)
	at org.springframework.security.web.FilterChainProxy.doFilterInternal(FilterChainProxy.java:237)
	at org.springframework.security.web.FilterChainProxy.doFilter(FilterChainProxy.java:195)
	at org.springframework.web.filter.CompositeFilter$VirtualFilterChain.doFilter(CompositeFilter.java:113)
	at org.springframework.web.filter.ServletRequestPathFilter.doFilter(ServletRequestPathFilter.java:52)
	at org.springframework.web.filter.CompositeFilter$VirtualFilterChain.doFilter(CompositeFilter.java:113)
	at org.springframework.web.filter.CompositeFilter.doFilter(CompositeFilter.java:74)
	at org.springframework.security.config.annotation.web.configuration.WebSecurityConfiguration$CompositeFilterChainProxy.doFilter(WebSecurityConfiguration.java:317)
	at org.springframework.web.filter.DelegatingFilterProxy.invokeDelegate(DelegatingFilterProxy.java:355)
	at org.springframework.web.filter.DelegatingFilterProxy.doFilter(DelegatingFilterProxy.java:272)
	at org.apache.catalina.core.ApplicationFilterChain.doFilter(ApplicationFilterChain.java:107)
	at org.springframework.web.filter.RequestContextFilter.doFilterInternal(RequestContextFilter.java:100)
	at org.springframework.web.filter.OncePerRequestFilter.doFilter(OncePerRequestFilter.java:116)
	at org.apache.catalina.core.ApplicationFilterChain.doFilter(ApplicationFilterChain.java:107)
	at org.springframework.web.filter.FormContentFilter.doFilterInternal(FormContentFilter.java:93)
	at org.springframework.web.filter.OncePerRequestFilter.doFilter(OncePerRequestFilter.java:116)
	at org.apache.catalina.core.ApplicationFilterChain.doFilter(ApplicationFilterChain.java:107)
	at org.springframework.web.filter.CharacterEncodingFilter.doFilterInternal(CharacterEncodingFilter.java:199)
	at org.springframework.web.filter.OncePerRequestFilter.doFilter(OncePerRequestFilter.java:116)
	at org.apache.catalina.core.ApplicationFilterChain.doFilter(ApplicationFilterChain.java:107)
	at org.apache.catalina.core.StandardWrapperValve.invoke(StandardWrapperValve.java:165)
	at org.apache.catalina.core.StandardContextValve.invoke(StandardContextValve.java:77)
	at org.apache.catalina.authenticator.AuthenticatorBase.invoke(AuthenticatorBase.java:482)
	at org.apache.catalina.core.StandardHostValve.invoke(StandardHostValve.java:113)
	at org.apache.catalina.valves.ErrorReportValve.invoke(ErrorReportValve.java:83)
	at org.apache.catalina.core.StandardEngineValve.invoke(StandardEngineValve.java:72)
	at org.apache.catalina.connector.CoyoteAdapter.service(CoyoteAdapter.java:341)
	at org.apache.coyote.http11.Http11Processor.service(Http11Processor.java:397)
	at org.apache.coyote.AbstractProcessorLight.process(AbstractProcessorLight.java:63)
	at org.apache.coyote.AbstractProtocol$ConnectionHandler.process(AbstractProtocol.java:903)
	at org.apache.tomcat.util.net.NioEndpoint$SocketProcessor.doRun(NioEndpoint.java:1778)
	at org.apache.tomcat.util.net.SocketProcessorBase.run(SocketProcessorBase.java:52)
	at org.apache.tomcat.util.threads.ThreadPoolExecutor.runWorker(ThreadPoolExecutor.java:946)
	at org.apache.tomcat.util.threads.ThreadPoolExecutor$Worker.run(ThreadPoolExecutor.java:480)
	at org.apache.tomcat.util.threads.TaskThread$WrappingRunnable.run(TaskThread.java:57)
	at java.base/java.lang.Thread.run(Thread.java:842)
25-12-22 19:38:07.238 [http-nio-8080-exec-2] WARN  o.a.c.util.SessionIdGeneratorBase - Creation of SecureRandom instance for session ID generation using [SHA1PRNG] took [119] milliseconds. 
25-12-22 19:39:07.113 [SpringApplicationShutdownHook] INFO  o.s.boot.tomcat.GracefulShutdown - Commencing graceful shutdown. Waiting for active requests to complete 
25-12-22 19:39:07.434 [tomcat-shutdown] INFO  o.s.boot.tomcat.GracefulShutdown - Graceful shutdown complete 
25-12-22 19:39:48.051 [main] INFO  c.animesh.journal.JournalApplication - Starting JournalApplication using Java 17.0.12 with PID 2356 (C:\Users\ghosh\Downloads\journal (1)\journal\target\classes started by ghosh in C:\Users\ghosh\Downloads\journal (1)\journal) 
25-12-22 19:39:48.058 [main] INFO  c.animesh.journal.JournalApplication - The following 1 profile is active: "prod" 
25-12-22 19:39:49.289 [main] INFO  o.s.d.r.c.RepositoryConfigurationDelegate - Bootstrapping Spring Data MongoDB repositories in DEFAULT mode. 
25-12-22 19:39:49.466 [main] INFO  o.s.d.r.c.RepositoryConfigurationDelegate - Finished Spring Data repository scanning in 140 ms. Found 2 MongoDB repository interfaces. 
25-12-22 19:39:50.950 [main] INFO  o.s.boot.tomcat.TomcatWebServer - Tomcat initialized with port 8080 (http) 
25-12-22 19:39:50.976 [main] INFO  o.a.coyote.http11.Http11NioProtocol - Initializing ProtocolHandler ["http-nio-8080"] 
25-12-22 19:39:50.981 [main] INFO  o.a.catalina.core.StandardService - Starting service [Tomcat] 
25-12-22 19:39:50.982 [main] INFO  o.a.catalina.core.StandardEngine - Starting Servlet engine: [Apache Tomcat/11.0.14] 
25-12-22 19:39:51.144 [main] INFO  o.s.b.w.c.s.WebApplicationContextInitializer - Root WebApplicationContext: initialization completed in 2973 ms 
25-12-22 19:39:51.923 [main] INFO  org.mongodb.driver.client - MongoClient with metadata {"application": {"name": "Cluster0"}, "driver": {"name": "mongo-java-driver|spring-boot|sync", "version": "5.6.1"}, "os": {"type": "Windows", "name": "Windows 11", "architecture": "amd64", "version": "10.0"}, "platform": "Java/Oracle Corporation/17.0.12+8-LTS-286"} created with settings MongoClientSettings{readPreference=primary, writeConcern=WriteConcern{w=null, wTimeout=null ms, journal=null}, retryWrites=true, retryReads=true, readConcern=ReadConcern{level=null}, credential=MongoCredential{mechanism=null, userName='animeshjojo', source='admin', password=<hidden>, mechanismProperties=<hidden>}, transportSettings=null, commandListeners=[], codecRegistry=ProvidersCodecRegistry{codecProviders=[ValueCodecProvider{}, BsonValueCodecProvider{}, DBRefCodecProvider{}, DBObjectCodecProvider{}, DocumentCodecProvider{}, CollectionCodecProvider{}, IterableCodecProvider{}, MapCodecProvider{}, GeoJsonCodecProvider{}, GridFSFileCodecProvider{}, Jsr310CodecProvider{}, JsonObjectCodecProvider{}, BsonCodecProvider{}, com.mongodb.client.model.mql.ExpressionCodecProvider@fbe70d8, com.mongodb.Jep395RecordCodecProvider@64021427, com.mongodb.KotlinCodecProvider@7d2c345d, EnumCodecProvider{}]}, loggerSettings=LoggerSettings{maxDocumentLength=1000}, clusterSettings={hosts=[127.0.0.1:27017], srvHost=cluster0.smqbtnc.mongodb.net, srvServiceName=mongodb, mode=MULTIPLE, requiredClusterType=REPLICA_SET, requiredReplicaSetName='atlas-jhfbgt-shard-0', serverSelector='null', clusterListeners='[]', serverSelectionTimeout='30000 ms', localThreshold='15 ms'}, socketSettings=SocketSettings{connectTimeoutMS=10000, readTimeoutMS=0, receiveBufferSize=0, proxySettings=ProxySettings{host=null, port=null, username=null, password=null}}, heartbeatSocketSettings=SocketSettings{connectTimeoutMS=10000, readTimeoutMS=10000, receiveBufferSize=0, proxySettings=ProxySettings{host=null, port=null, username=null, password=null}}, connectionPoolSettings=ConnectionPoolSettings{maxSize=100, minSize=0, maxWaitTimeMS=120000, maxConnectionLifeTimeMS=0, maxConnectionIdleTimeMS=0, maintenanceInitialDelayMS=0, maintenanceFrequencyMS=60000, connectionPoolListeners=[], maxConnecting=2}, serverSettings=ServerSettings{heartbeatFrequencyMS=10000, minHeartbeatFrequencyMS=500, serverMonitoringMode=AUTO, serverListeners='[]', serverMonitorListeners='[]'}, sslSettings=SslSettings{enabled=true, invalidHostNameAllowed=false, context=null}, applicationName='Cluster0', compressorList=[], uuidRepresentation=UNSPECIFIED, serverApi=null, autoEncryptionSettings=null, dnsClient=null, inetAddressResolver=null, contextProvider=null, timeoutMS=null} 
25-12-22 19:39:51.979 [cluster-ClusterId{value='6949512fc1e9b03e5ef5f218', description='Cluster0'}-srv-cluster0.smqbtnc.mongodb.net] INFO  org.mongodb.driver.cluster - Adding discovered server ac-ymlp8ws-shard-00-00.smqbtnc.mongodb.net:27017 to client view of cluster 
25-12-22 19:39:52.148 [cluster-ClusterId{value='6949512fc1e9b03e5ef5f218', description='Cluster0'}-srv-cluster0.smqbtnc.mongodb.net] INFO  org.mongodb.driver.cluster - Adding discovered server ac-ymlp8ws-shard-00-01.smqbtnc.mongodb.net:27017 to client view of cluster 
25-12-22 19:39:52.149 [cluster-ClusterId{value='6949512fc1e9b03e5ef5f218', description='Cluster0'}-srv-cluster0.smqbtnc.mongodb.net] INFO  org.mongodb.driver.cluster - Adding discovered server ac-ymlp8ws-shard-00-02.smqbtnc.mongodb.net:27017 to client view of cluster 
25-12-22 19:39:53.015 [main] INFO  org.mongodb.driver.cluster - Waiting for server to become available for operation createIndexes with ID 5. Remaining time: 29984 ms. Selector: WritableServerSelector, topology description: {type=REPLICA_SET, servers=[{address=ac-ymlp8ws-shard-00-00.smqbtnc.mongodb.net:27017, type=UNKNOWN, state=CONNECTING}, {address=ac-ymlp8ws-shard-00-01.smqbtnc.mongodb.net:27017, type=UNKNOWN, state=CONNECTING}, {address=ac-ymlp8ws-shard-00-02.smqbtnc.mongodb.net:27017, type=UNKNOWN, state=CONNECTING}]. 
25-12-22 19:39:53.436 [cluster-ClusterId{value='6949512fc1e9b03e5ef5f218', description='Cluster0'}-ac-ymlp8ws-shard-00-01.smqbtnc.mongodb.net:27017] INFO  org.mongodb.driver.cluster - Monitor thread successfully connected to server with description ServerDescription{address=ac-ymlp8ws-shard-00-01.smqbtnc.mongodb.net:27017, type=REPLICA_SET_PRIMARY, cryptd=false, state=CONNECTED, ok=true, minWireVersion=0, maxWireVersion=25, maxDocumentSize=16777216, logicalSessionTimeoutMinutes=30, roundTripTimeNanos=647579100, minRoundTripTimeNanos=0, setName='atlas-jhfbgt-shard-0', canonicalAddress=ac-ymlp8ws-shard-00-01.smqbtnc.mongodb.net:27017, hosts=[ac-ymlp8ws-shard-00-00.smqbtnc.mongodb.net:27017, ac-ymlp8ws-shard-00-01.smqbtnc.mongodb.net:27017, ac-ymlp8ws-shard-00-02.smqbtnc.mongodb.net:27017], passives=[], arbiters=[], primary='ac-ymlp8ws-shard-00-01.smqbtnc.mongodb.net:27017', tagSet=TagSet{[Tag{name='availabilityZone', value='aps1-az3'}, Tag{name='diskState', value='READY'}, Tag{name='nodeType', value='ELECTABLE'}, Tag{name='provider', value='AWS'}, Tag{name='region', value='AP_SOUTH_1'}, Tag{name='workloadType', value='OPERATIONAL'}]}, electionId=7fffffff000000000000013b, setVersion=342, topologyVersion=TopologyVersion{processId=6942e39f6e04aa748dda7da2, counter=6}, lastWriteDate=Mon Dec 22 19:39:53 IST 2025, lastUpdateTimeNanos=1560209596862900} 
25-12-22 19:39:53.436 [cluster-ClusterId{value='6949512fc1e9b03e5ef5f218', description='Cluster0'}-ac-ymlp8ws-shard-00-02.smqbtnc.mongodb.net:27017] INFO  org.mongodb.driver.cluster - Monitor thread successfully connected to server with description ServerDescription{address=ac-ymlp8ws-shard-00-02.smqbtnc.mongodb.net:27017, type=REPLICA_SET_SECONDARY, cryptd=false, state=CONNECTED, ok=true, minWireVersion=0, maxWireVersion=25, maxDocumentSize=16777216, logicalSessionTimeoutMinutes=30, roundTripTimeNanos=647596800, minRoundTripTimeNanos=0, setName='atlas-jhfbgt-shard-0', canonicalAddress=ac-ymlp8ws-shard-00-02.smqbtnc.mongodb.net:27017, hosts=[ac-ymlp8ws-shard-00-00.smqbtnc.mongodb.net:27017, ac-ymlp8ws-shard-00-01.smqbtnc.mongodb.net:27017, ac-ymlp8ws-shard-00-02.smqbtnc.mongodb.net:27017], passives=[], arbiters=[], primary='ac-ymlp8ws-shard-00-01.smqbtnc.mongodb.net:27017', tagSet=TagSet{[Tag{name='availabilityZone', value='aps1-az2'}, Tag{name='diskState', value='READY'}, Tag{name='nodeType', value='ELECTABLE'}, Tag{name='provider', value='AWS'}, Tag{name='region', value='AP_SOUTH_1'}, Tag{name='workloadType', value='OPERATIONAL'}]}, electionId=null, setVersion=342, topologyVersion=TopologyVersion{processId=6942e3e41755a39e3578aea7, counter=3}, lastWriteDate=Mon Dec 22 19:39:53 IST 2025, lastUpdateTimeNanos=1560209596871400} 
25-12-22 19:39:53.436 [cluster-ClusterId{value='6949512fc1e9b03e5ef5f218', description='Cluster0'}-ac-ymlp8ws-shard-00-00.smqbtnc.mongodb.net:27017] INFO  org.mongodb.driver.cluster - Monitor thread successfully connected to server with description ServerDescription{address=ac-ymlp8ws-shard-00-00.smqbtnc.mongodb.net:27017, type=REPLICA_SET_SECONDARY, cryptd=false, state=CONNECTED, ok=true, minWireVersion=0, maxWireVersion=25, maxDocumentSize=16777216, logicalSessionTimeoutMinutes=30, roundTripTimeNanos=647600800, minRoundTripTimeNanos=0, setName='atlas-jhfbgt-shard-0', canonicalAddress=ac-ymlp8ws-shard-00-00.smqbtnc.mongodb.net:27017, hosts=[ac-ymlp8ws-shard-00-00.smqbtnc.mongodb.net:27017, ac-ymlp8ws-shard-00-01.smqbtnc.mongodb.net:27017, ac-ymlp8ws-shard-00-02.smqbtnc.mongodb.net:27017], passives=[], arbiters=[], primary='ac-ymlp8ws-shard-00-01.smqbtnc.mongodb.net:27017', tagSet=TagSet{[Tag{name='availabilityZone', value='aps1-az1'}, Tag{name='diskState', value='READY'}, Tag{name='nodeType', value='ELECTABLE'}, Tag{name='provider', value='AWS'}, Tag{name='region', value='AP_SOUTH_1'}, Tag{name='workloadType', value='OPERATIONAL'}]}, electionId=null, setVersion=342, topologyVersion=TopologyVersion{processId=6942e35cc164a3f33437ebcb, counter=4}, lastWriteDate=Mon Dec 22 19:39:53 IST 2025, lastUpdateTimeNanos=1560209596872600} 
25-12-22 19:39:53.446 [cluster-ClusterId{value='6949512fc1e9b03e5ef5f218', description='Cluster0'}-ac-ymlp8ws-shard-00-01.smqbtnc.mongodb.net:27017] INFO  org.mongodb.driver.cluster - Discovered replica set primary ac-ymlp8ws-shard-00-01.smqbtnc.mongodb.net:27017 with max election id 7fffffff000000000000013b and max set version 342 
25-12-22 19:39:55.024 [main] WARN  o.s.s.c.a.a.c.InitializeUserDetailsBeanManagerConfigurer$InitializeUserDetailsManagerConfigurer - Global AuthenticationManager configured with an AuthenticationProvider bean. UserDetailsService beans will not be used by Spring Security for automatically configuring username/password login. Consider removing the AuthenticationProvider bean. Alternatively, consider using the UserDetailsService in a manually instantiated DaoAuthenticationProvider. If the current configuration is intentional, to turn off this warning, increase the logging level of 'org.springframework.security.config.annotation.authentication.configuration.InitializeUserDetailsBeanManagerConfigurer' to ERROR 
25-12-22 19:39:56.729 [main] INFO  o.a.coyote.http11.Http11NioProtocol - Starting ProtocolHandler ["http-nio-8080"] 
25-12-22 19:39:56.804 [main] INFO  o.s.boot.tomcat.TomcatWebServer - Tomcat started on port 8080 (http) with context path '/app' 
25-12-22 19:39:56.825 [main] INFO  c.animesh.journal.JournalApplication - Started JournalApplication in 9.636 seconds (process running for 10.865) 
25-12-22 19:39:57.183 [http-nio-8080-exec-1] INFO  o.a.c.c.C.[.[localhost].[/app] - Initializing Spring DispatcherServlet 'dispatcherServlet' 
25-12-22 19:39:57.183 [http-nio-8080-exec-1] INFO  o.s.web.servlet.DispatcherServlet - Initializing Servlet 'dispatcherServlet' 
25-12-22 19:39:57.188 [http-nio-8080-exec-1] INFO  o.s.web.servlet.DispatcherServlet - Completed initialization in 2 ms 
25-12-22 19:39:57.379 [http-nio-8080-exec-1] ERROR o.a.c.c.C.[.[.[.[dispatcherServlet] - Servlet.service() for servlet [dispatcherServlet] in context with path [/app] threw exception [Request processing failed: java.lang.IllegalArgumentException: API key must either be provided or set in the environment variable GOOGLE_API_KEY.] with root cause 
java.lang.NullPointerException: null
	at java.base/java.util.Objects.requireNonNull(Objects.java:208)
	at java.base/java.util.Optional.of(Optional.java:113)
	at com.google.genai.ApiClient.<init>(ApiClient.java:54)
	at com.google.genai.HttpApiClient.<init>(HttpApiClient.java:42)
	at com.google.genai.Client.<init>(Client.java:273)
	at com.google.genai.Client.<init>(Client.java:171)
	at com.animesh.journal.controller.PublicController.getinfo(PublicController.java:41)
	at java.base/jdk.internal.reflect.NativeMethodAccessorImpl.invoke0(Native Method)
	at java.base/jdk.internal.reflect.NativeMethodAccessorImpl.invoke(NativeMethodAccessorImpl.java:77)
	at java.base/jdk.internal.reflect.DelegatingMethodAccessorImpl.invoke(DelegatingMethodAccessorImpl.java:43)
	at java.base/java.lang.reflect.Method.invoke(Method.java:568)
	at org.springframework.web.method.support.InvocableHandlerMethod.doInvoke(InvocableHandlerMethod.java:258)
	at org.springframework.web.method.support.InvocableHandlerMethod.invokeForRequest(InvocableHandlerMethod.java:190)
	at org.springframework.web.servlet.mvc.method.annotation.ServletInvocableHandlerMethod.invokeAndHandle(ServletInvocableHandlerMethod.java:117)
	at org.springframework.web.servlet.mvc.method.annotation.RequestMappingHandlerAdapter.invokeHandlerMethod(RequestMappingHandlerAdapter.java:934)
	at org.springframework.web.servlet.mvc.method.annotation.RequestMappingHandlerAdapter.handleInternal(RequestMappingHandlerAdapter.java:853)
	at org.springframework.web.servlet.mvc.method.AbstractHandlerMethodAdapter.handle(AbstractHandlerMethodAdapter.java:86)
	at org.springframework.web.servlet.DispatcherServlet.doDispatch(DispatcherServlet.java:963)
	at org.springframework.web.servlet.DispatcherServlet.doService(DispatcherServlet.java:866)
	at org.springframework.web.servlet.FrameworkServlet.processRequest(FrameworkServlet.java:1003)
	at org.springframework.web.servlet.FrameworkServlet.doGet(FrameworkServlet.java:892)
	at jakarta.servlet.http.HttpServlet.service(HttpServlet.java:622)
	at org.springframework.web.servlet.FrameworkServlet.service(FrameworkServlet.java:874)
	at jakarta.servlet.http.HttpServlet.service(HttpServlet.java:710)
	at org.apache.catalina.core.ApplicationFilterChain.doFilter(ApplicationFilterChain.java:128)
	at org.apache.tomcat.websocket.server.WsFilter.doFilter(WsFilter.java:53)
	at org.apache.catalina.core.ApplicationFilterChain.doFilter(ApplicationFilterChain.java:107)
	at org.springframework.web.filter.CompositeFilter$VirtualFilterChain.doFilter(CompositeFilter.java:108)
	at org.springframework.security.web.FilterChainProxy.lambda$doFilterInternal$3(FilterChainProxy.java:235)
	at org.springframework.security.web.FilterChainProxy$VirtualFilterChain.doFilter(FilterChainProxy.java:371)
	at org.springframework.security.web.access.intercept.AuthorizationFilter.doFilter(AuthorizationFilter.java:101)
	at org.springframework.security.web.FilterChainProxy$VirtualFilterChain.doFilter(FilterChainProxy.java:380)
	at org.springframework.security.web.access.ExceptionTranslationFilter.doFilter(ExceptionTranslationFilter.java:126)
	at org.springframework.security.web.access.ExceptionTranslationFilter.doFilter(ExceptionTranslationFilter.java:120)
	at org.springframework.security.web.FilterChainProxy$VirtualFilterChain.doFilter(FilterChainProxy.java:380)
	at org.springframework.security.web.authentication.AnonymousAuthenticationFilter.doFilter(AnonymousAuthenticationFilter.java:100)
	at org.springframework.security.web.FilterChainProxy$VirtualFilterChain.doFilter(FilterChainProxy.java:380)
	at org.springframework.security.web.servletapi.SecurityContextHolderAwareRequestFilter.doFilter(SecurityContextHolderAwareRequestFilter.java:181)
	at org.springframework.security.web.FilterChainProxy$VirtualFilterChain.doFilter(FilterChainProxy.java:380)
	at org.springframework.security.web.savedrequest.RequestCacheAwareFilter.doFilter(RequestCacheAwareFilter.java:63)
	at org.springframework.security.web.FilterChainProxy$VirtualFilterChain.doFilter(FilterChainProxy.java:380)
	at org.springframework.security.web.authentication.www.BasicAuthenticationFilter.doFilterInternal(BasicAuthenticationFilter.java:198)
	at org.springframework.web.filter.OncePerRequestFilter.doFilter(OncePerRequestFilter.java:116)
	at org.springframework.security.web.FilterChainProxy$VirtualFilterChain.doFilter(FilterChainProxy.java:380)
	at org.springframework.security.web.authentication.logout.LogoutFilter.doFilter(LogoutFilter.java:110)
	at org.springframework.security.web.authentication.logout.LogoutFilter.doFilter(LogoutFilter.java:96)
	at org.springframework.security.web.FilterChainProxy$VirtualFilterChain.doFilter(FilterChainProxy.java:380)
	at org.springframework.security.web.header.HeaderWriterFilter.doHeadersAfter(HeaderWriterFilter.java:90)
	at org.springframework.security.web.header.HeaderWriterFilter.doFilterInternal(HeaderWriterFilter.java:75)
	at org.springframework.web.filter.OncePerRequestFilter.doFilter(OncePerRequestFilter.java:116)
	at org.springframework.security.web.FilterChainProxy$VirtualFilterChain.doFilter(FilterChainProxy.java:380)
	at org.springframework.security.web.context.SecurityContextHolderFilter.doFilter(SecurityContextHolderFilter.java:82)
	at org.springframework.security.web.context.SecurityContextHolderFilter.doFilter(SecurityContextHolderFilter.java:69)
	at org.springframework.security.web.FilterChainProxy$VirtualFilterChain.doFilter(FilterChainProxy.java:380)
	at org.springframework.security.web.context.request.async.WebAsyncManagerIntegrationFilter.doFilterInternal(WebAsyncManagerIntegrationFilter.java:62)
	at org.springframework.web.filter.OncePerRequestFilter.doFilter(OncePerRequestFilter.java:116)
	at org.springframework.security.web.FilterChainProxy$VirtualFilterChain.doFilter(FilterChainProxy.java:380)
	at org.springframework.security.web.session.DisableEncodeUrlFilter.doFilterInternal(DisableEncodeUrlFilter.java:42)
	at org.springframework.web.filter.OncePerRequestFilter.doFilter(OncePerRequestFilter.java:116)
	at org.springframework.security.web.FilterChainProxy$VirtualFilterChain.doFilter(FilterChainProxy.java:380)
	at org.springframework.security.web.FilterChainProxy.doFilterInternal(FilterChainProxy.java:237)
	at org.springframework.security.web.FilterChainProxy.doFilter(FilterChainProxy.java:195)
	at org.springframework.web.filter.CompositeFilter$VirtualFilterChain.doFilter(CompositeFilter.java:113)
	at org.springframework.web.filter.ServletRequestPathFilter.doFilter(ServletRequestPathFilter.java:52)
	at org.springframework.web.filter.CompositeFilter$VirtualFilterChain.doFilter(CompositeFilter.java:113)
	at org.springframework.web.filter.CompositeFilter.doFilter(CompositeFilter.java:74)
	at org.springframework.security.config.annotation.web.configuration.WebSecurityConfiguration$CompositeFilterChainProxy.doFilter(WebSecurityConfiguration.java:317)
	at org.springframework.web.filter.DelegatingFilterProxy.invokeDelegate(DelegatingFilterProxy.java:355)
	at org.springframework.web.filter.DelegatingFilterProxy.doFilter(DelegatingFilterProxy.java:272)
	at org.apache.catalina.core.ApplicationFilterChain.doFilter(ApplicationFilterChain.java:107)
	at org.springframework.web.filter.RequestContextFilter.doFilterInternal(RequestContextFilter.java:100)
	at org.springframework.web.filter.OncePerRequestFilter.doFilter(OncePerRequestFilter.java:116)
	at org.apache.catalina.core.ApplicationFilterChain.doFilter(ApplicationFilterChain.java:107)
	at org.springframework.web.filter.FormContentFilter.doFilterInternal(FormContentFilter.java:93)
	at org.springframework.web.filter.OncePerRequestFilter.doFilter(OncePerRequestFilter.java:116)
	at org.apache.catalina.core.ApplicationFilterChain.doFilter(ApplicationFilterChain.java:107)
	at org.springframework.web.filter.CharacterEncodingFilter.doFilterInternal(CharacterEncodingFilter.java:199)
	at org.springframework.web.filter.OncePerRequestFilter.doFilter(OncePerRequestFilter.java:116)
	at org.apache.catalina.core.ApplicationFilterChain.doFilter(ApplicationFilterChain.java:107)
	at org.apache.catalina.core.StandardWrapperValve.invoke(StandardWrapperValve.java:165)
	at org.apache.catalina.core.StandardContextValve.invoke(StandardContextValve.java:77)
	at org.apache.catalina.authenticator.AuthenticatorBase.invoke(AuthenticatorBase.java:482)
	at org.apache.catalina.core.StandardHostValve.invoke(StandardHostValve.java:113)
	at org.apache.catalina.valves.ErrorReportValve.invoke(ErrorReportValve.java:83)
	at org.apache.catalina.core.StandardEngineValve.invoke(StandardEngineValve.java:72)
	at org.apache.catalina.connector.CoyoteAdapter.service(CoyoteAdapter.java:341)
	at org.apache.coyote.http11.Http11Processor.service(Http11Processor.java:397)
	at org.apache.coyote.AbstractProcessorLight.process(AbstractProcessorLight.java:63)
	at org.apache.coyote.AbstractProtocol$ConnectionHandler.process(AbstractProtocol.java:903)
	at org.apache.tomcat.util.net.NioEndpoint$SocketProcessor.doRun(NioEndpoint.java:1778)
	at org.apache.tomcat.util.net.SocketProcessorBase.run(SocketProcessorBase.java:52)
	at org.apache.tomcat.util.threads.ThreadPoolExecutor.runWorker(ThreadPoolExecutor.java:946)
	at org.apache.tomcat.util.threads.ThreadPoolExecutor$Worker.run(ThreadPoolExecutor.java:480)
	at org.apache.tomcat.util.threads.TaskThread$WrappingRunnable.run(TaskThread.java:57)
	at java.base/java.lang.Thread.run(Thread.java:842)
25-12-22 19:39:57.565 [http-nio-8080-exec-1] WARN  o.a.c.util.SessionIdGeneratorBase - Creation of SecureRandom instance for session ID generation using [SHA1PRNG] took [140] milliseconds. 
25-12-22 19:42:36.657 [SpringApplicationShutdownHook] INFO  o.s.boot.tomcat.GracefulShutdown - Commencing graceful shutdown. Waiting for active requests to complete 
25-12-22 19:42:36.976 [tomcat-shutdown] INFO  o.s.boot.tomcat.GracefulShutdown - Graceful shutdown complete 
25-12-22 19:46:17.706 [main] INFO  c.animesh.journal.JournalApplication - Starting JournalApplication using Java 17.0.12 with PID 2040 (C:\Users\ghosh\Downloads\journal (1)\journal\target\classes started by ghosh in C:\Users\ghosh\Downloads\journal (1)\journal) 
25-12-22 19:46:17.719 [main] INFO  c.animesh.journal.JournalApplication - The following 1 profile is active: "prod" 
25-12-22 19:46:19.550 [main] INFO  o.s.d.r.c.RepositoryConfigurationDelegate - Bootstrapping Spring Data MongoDB repositories in DEFAULT mode. 
25-12-22 19:46:19.746 [main] INFO  o.s.d.r.c.RepositoryConfigurationDelegate - Finished Spring Data repository scanning in 179 ms. Found 2 MongoDB repository interfaces. 
25-12-22 19:46:20.917 [main] INFO  o.s.boot.tomcat.TomcatWebServer - Tomcat initialized with port 8080 (http) 
25-12-22 19:46:20.943 [main] INFO  o.a.coyote.http11.Http11NioProtocol - Initializing ProtocolHandler ["http-nio-8080"] 
25-12-22 19:46:20.957 [main] INFO  o.a.catalina.core.StandardService - Starting service [Tomcat] 
25-12-22 19:46:20.958 [main] INFO  o.a.catalina.core.StandardEngine - Starting Servlet engine: [Apache Tomcat/11.0.14] 
25-12-22 19:46:21.115 [main] INFO  o.s.b.w.c.s.WebApplicationContextInitializer - Root WebApplicationContext: initialization completed in 3235 ms 
25-12-22 19:46:21.952 [main] INFO  org.mongodb.driver.client - MongoClient with metadata {"application": {"name": "Cluster0"}, "driver": {"name": "mongo-java-driver|spring-boot|sync", "version": "5.6.1"}, "os": {"type": "Windows", "name": "Windows 11", "architecture": "amd64", "version": "10.0"}, "platform": "Java/Oracle Corporation/17.0.12+8-LTS-286"} created with settings MongoClientSettings{readPreference=primary, writeConcern=WriteConcern{w=null, wTimeout=null ms, journal=null}, retryWrites=true, retryReads=true, readConcern=ReadConcern{level=null}, credential=MongoCredential{mechanism=null, userName='animeshjojo', source='admin', password=<hidden>, mechanismProperties=<hidden>}, transportSettings=null, commandListeners=[], codecRegistry=ProvidersCodecRegistry{codecProviders=[ValueCodecProvider{}, BsonValueCodecProvider{}, DBRefCodecProvider{}, DBObjectCodecProvider{}, DocumentCodecProvider{}, CollectionCodecProvider{}, IterableCodecProvider{}, MapCodecProvider{}, GeoJsonCodecProvider{}, GridFSFileCodecProvider{}, Jsr310CodecProvider{}, JsonObjectCodecProvider{}, BsonCodecProvider{}, com.mongodb.client.model.mql.ExpressionCodecProvider@1f7cec93, com.mongodb.Jep395RecordCodecProvider@3c9ef6e9, com.mongodb.KotlinCodecProvider@3cdff901, EnumCodecProvider{}]}, loggerSettings=LoggerSettings{maxDocumentLength=1000}, clusterSettings={hosts=[127.0.0.1:27017], srvHost=cluster0.smqbtnc.mongodb.net, srvServiceName=mongodb, mode=MULTIPLE, requiredClusterType=REPLICA_SET, requiredReplicaSetName='atlas-jhfbgt-shard-0', serverSelector='null', clusterListeners='[]', serverSelectionTimeout='30000 ms', localThreshold='15 ms'}, socketSettings=SocketSettings{connectTimeoutMS=10000, readTimeoutMS=0, receiveBufferSize=0, proxySettings=ProxySettings{host=null, port=null, username=null, password=null}}, heartbeatSocketSettings=SocketSettings{connectTimeoutMS=10000, readTimeoutMS=10000, receiveBufferSize=0, proxySettings=ProxySettings{host=null, port=null, username=null, password=null}}, connectionPoolSettings=ConnectionPoolSettings{maxSize=100, minSize=0, maxWaitTimeMS=120000, maxConnectionLifeTimeMS=0, maxConnectionIdleTimeMS=0, maintenanceInitialDelayMS=0, maintenanceFrequencyMS=60000, connectionPoolListeners=[], maxConnecting=2}, serverSettings=ServerSettings{heartbeatFrequencyMS=10000, minHeartbeatFrequencyMS=500, serverMonitoringMode=AUTO, serverListeners='[]', serverMonitorListeners='[]'}, sslSettings=SslSettings{enabled=true, invalidHostNameAllowed=false, context=null}, applicationName='Cluster0', compressorList=[], uuidRepresentation=UNSPECIFIED, serverApi=null, autoEncryptionSettings=null, dnsClient=null, inetAddressResolver=null, contextProvider=null, timeoutMS=null} 
25-12-22 19:46:22.107 [cluster-ClusterId{value='694952b5eb3118863164b3ca', description='Cluster0'}-srv-cluster0.smqbtnc.mongodb.net] INFO  org.mongodb.driver.cluster - Adding discovered server ac-ymlp8ws-shard-00-00.smqbtnc.mongodb.net:27017 to client view of cluster 
25-12-22 19:46:22.186 [cluster-ClusterId{value='694952b5eb3118863164b3ca', description='Cluster0'}-srv-cluster0.smqbtnc.mongodb.net] INFO  org.mongodb.driver.cluster - Adding discovered server ac-ymlp8ws-shard-00-01.smqbtnc.mongodb.net:27017 to client view of cluster 
25-12-22 19:46:22.188 [cluster-ClusterId{value='694952b5eb3118863164b3ca', description='Cluster0'}-srv-cluster0.smqbtnc.mongodb.net] INFO  org.mongodb.driver.cluster - Adding discovered server ac-ymlp8ws-shard-00-02.smqbtnc.mongodb.net:27017 to client view of cluster 
25-12-22 19:46:23.136 [main] INFO  org.mongodb.driver.cluster - Waiting for server to become available for operation createIndexes with ID 5. Remaining time: 29983 ms. Selector: WritableServerSelector, topology description: {type=REPLICA_SET, servers=[{address=ac-ymlp8ws-shard-00-00.smqbtnc.mongodb.net:27017, type=UNKNOWN, state=CONNECTING}, {address=ac-ymlp8ws-shard-00-01.smqbtnc.mongodb.net:27017, type=UNKNOWN, state=CONNECTING}, {address=ac-ymlp8ws-shard-00-02.smqbtnc.mongodb.net:27017, type=UNKNOWN, state=CONNECTING}]. 
25-12-22 19:46:23.617 [cluster-ClusterId{value='694952b5eb3118863164b3ca', description='Cluster0'}-ac-ymlp8ws-shard-00-00.smqbtnc.mongodb.net:27017] INFO  org.mongodb.driver.cluster - Monitor thread successfully connected to server with description ServerDescription{address=ac-ymlp8ws-shard-00-00.smqbtnc.mongodb.net:27017, type=REPLICA_SET_SECONDARY, cryptd=false, state=CONNECTED, ok=true, minWireVersion=0, maxWireVersion=25, maxDocumentSize=16777216, logicalSessionTimeoutMinutes=30, roundTripTimeNanos=703264900, minRoundTripTimeNanos=0, setName='atlas-jhfbgt-shard-0', canonicalAddress=ac-ymlp8ws-shard-00-00.smqbtnc.mongodb.net:27017, hosts=[ac-ymlp8ws-shard-00-00.smqbtnc.mongodb.net:27017, ac-ymlp8ws-shard-00-01.smqbtnc.mongodb.net:27017, ac-ymlp8ws-shard-00-02.smqbtnc.mongodb.net:27017], passives=[], arbiters=[], primary='ac-ymlp8ws-shard-00-01.smqbtnc.mongodb.net:27017', tagSet=TagSet{[Tag{name='availabilityZone', value='aps1-az1'}, Tag{name='diskState', value='READY'}, Tag{name='nodeType', value='ELECTABLE'}, Tag{name='provider', value='AWS'}, Tag{name='region', value='AP_SOUTH_1'}, Tag{name='workloadType', value='OPERATIONAL'}]}, electionId=null, setVersion=342, topologyVersion=TopologyVersion{processId=6942e35cc164a3f33437ebcb, counter=4}, lastWriteDate=Mon Dec 22 19:46:23 IST 2025, lastUpdateTimeNanos=1560599778143000} 
25-12-22 19:46:23.617 [cluster-ClusterId{value='694952b5eb3118863164b3ca', description='Cluster0'}-ac-ymlp8ws-shard-00-01.smqbtnc.mongodb.net:27017] INFO  org.mongodb.driver.cluster - Monitor thread successfully connected to server with description ServerDescription{address=ac-ymlp8ws-shard-00-01.smqbtnc.mongodb.net:27017, type=REPLICA_SET_PRIMARY, cryptd=false, state=CONNECTED, ok=true, minWireVersion=0, maxWireVersion=25, maxDocumentSize=16777216, logicalSessionTimeoutMinutes=30, roundTripTimeNanos=703506700, minRoundTripTimeNanos=0, setName='atlas-jhfbgt-shard-0', canonicalAddress=ac-ymlp8ws-shard-00-01.smqbtnc.mongodb.net:27017, hosts=[ac-ymlp8ws-shard-00-00.smqbtnc.mongodb.net:27017, ac-ymlp8ws-shard-00-01.smqbtnc.mongodb.net:27017, ac-ymlp8ws-shard-00-02.smqbtnc.mongodb.net:27017], passives=[], arbiters=[], primary='ac-ymlp8ws-shard-00-01.smqbtnc.mongodb.net:27017', tagSet=TagSet{[Tag{name='availabilityZone', value='aps1-az3'}, Tag{name='diskState', value='READY'}, Tag{name='nodeType', value='ELECTABLE'}, Tag{name='provider', value='AWS'}, Tag{name='region', value='AP_SOUTH_1'}, Tag{name='workloadType', value='OPERATIONAL'}]}, electionId=7fffffff000000000000013b, setVersion=342, topologyVersion=TopologyVersion{processId=6942e39f6e04aa748dda7da2, counter=6}, lastWriteDate=Mon Dec 22 19:46:23 IST 2025, lastUpdateTimeNanos=1560599778382300} 
25-12-22 19:46:23.617 [cluster-ClusterId{value='694952b5eb3118863164b3ca', description='Cluster0'}-ac-ymlp8ws-shard-00-02.smqbtnc.mongodb.net:27017] INFO  org.mongodb.driver.cluster - Monitor thread successfully connected to server with description ServerDescription{address=ac-ymlp8ws-shard-00-02.smqbtnc.mongodb.net:27017, type=REPLICA_SET_SECONDARY, cryptd=false, state=CONNECTED, ok=true, minWireVersion=0, maxWireVersion=25, maxDocumentSize=16777216, logicalSessionTimeoutMinutes=30, roundTripTimeNanos=703266200, minRoundTripTimeNanos=0, setName='atlas-jhfbgt-shard-0', canonicalAddress=ac-ymlp8ws-shard-00-02.smqbtnc.mongodb.net:27017, hosts=[ac-ymlp8ws-shard-00-00.smqbtnc.mongodb.net:27017, ac-ymlp8ws-shard-00-01.smqbtnc.mongodb.net:27017, ac-ymlp8ws-shard-00-02.smqbtnc.mongodb.net:27017], passives=[], arbiters=[], primary='ac-ymlp8ws-shard-00-01.smqbtnc.mongodb.net:27017', tagSet=TagSet{[Tag{name='availabilityZone', value='aps1-az2'}, Tag{name='diskState', value='READY'}, Tag{name='nodeType', value='ELECTABLE'}, Tag{name='provider', value='AWS'}, Tag{name='region', value='AP_SOUTH_1'}, Tag{name='workloadType', value='OPERATIONAL'}]}, electionId=null, setVersion=342, topologyVersion=TopologyVersion{processId=6942e3e41755a39e3578aea7, counter=3}, lastWriteDate=Mon Dec 22 19:46:23 IST 2025, lastUpdateTimeNanos=1560599778143000} 
25-12-22 19:46:23.629 [cluster-ClusterId{value='694952b5eb3118863164b3ca', description='Cluster0'}-ac-ymlp8ws-shard-00-01.smqbtnc.mongodb.net:27017] INFO  org.mongodb.driver.cluster - Discovered replica set primary ac-ymlp8ws-shard-00-01.smqbtnc.mongodb.net:27017 with max election id 7fffffff000000000000013b and max set version 342 
25-12-22 19:46:25.618 [main] WARN  o.s.s.c.a.a.c.InitializeUserDetailsBeanManagerConfigurer$InitializeUserDetailsManagerConfigurer - Global AuthenticationManager configured with an AuthenticationProvider bean. UserDetailsService beans will not be used by Spring Security for automatically configuring username/password login. Consider removing the AuthenticationProvider bean. Alternatively, consider using the UserDetailsService in a manually instantiated DaoAuthenticationProvider. If the current configuration is intentional, to turn off this warning, increase the logging level of 'org.springframework.security.config.annotation.authentication.configuration.InitializeUserDetailsBeanManagerConfigurer' to ERROR 
25-12-22 19:46:27.171 [main] INFO  o.a.coyote.http11.Http11NioProtocol - Starting ProtocolHandler ["http-nio-8080"] 
25-12-22 19:46:27.229 [main] INFO  o.s.boot.tomcat.TomcatWebServer - Tomcat started on port 8080 (http) with context path '/app' 
25-12-22 19:46:27.247 [main] INFO  c.animesh.journal.JournalApplication - Started JournalApplication in 10.501 seconds (process running for 11.693) 
25-12-22 19:46:29.985 [http-nio-8080-exec-1] INFO  o.a.c.c.C.[.[localhost].[/app] - Initializing Spring DispatcherServlet 'dispatcherServlet' 
25-12-22 19:46:29.985 [http-nio-8080-exec-1] INFO  o.s.web.servlet.DispatcherServlet - Initializing Servlet 'dispatcherServlet' 
25-12-22 19:46:29.989 [http-nio-8080-exec-1] INFO  o.s.web.servlet.DispatcherServlet - Completed initialization in 3 ms 
25-12-22 19:51:51.650 [SpringApplicationShutdownHook] INFO  o.s.boot.tomcat.GracefulShutdown - Commencing graceful shutdown. Waiting for active requests to complete 
25-12-22 19:51:51.964 [tomcat-shutdown] INFO  o.s.boot.tomcat.GracefulShutdown - Graceful shutdown complete 
25-12-22 19:54:23.658 [main] INFO  c.animesh.journal.JournalApplication - Starting JournalApplication using Java 17.0.12 with PID 12612 (C:\Users\ghosh\Downloads\journal (1)\journal\target\classes started by ghosh in C:\Users\ghosh\Downloads\journal (1)\journal) 
25-12-22 19:54:23.669 [main] INFO  c.animesh.journal.JournalApplication - The following 1 profile is active: "prod" 
25-12-22 19:54:25.494 [main] INFO  o.s.d.r.c.RepositoryConfigurationDelegate - Bootstrapping Spring Data MongoDB repositories in DEFAULT mode. 
25-12-22 19:54:25.652 [main] INFO  o.s.d.r.c.RepositoryConfigurationDelegate - Finished Spring Data repository scanning in 142 ms. Found 2 MongoDB repository interfaces. 
25-12-22 19:54:27.209 [main] INFO  o.s.boot.tomcat.TomcatWebServer - Tomcat initialized with port 8080 (http) 
25-12-22 19:54:27.233 [main] INFO  o.a.coyote.http11.Http11NioProtocol - Initializing ProtocolHandler ["http-nio-8080"] 
25-12-22 19:54:27.238 [main] INFO  o.a.catalina.core.StandardService - Starting service [Tomcat] 
25-12-22 19:54:27.239 [main] INFO  o.a.catalina.core.StandardEngine - Starting Servlet engine: [Apache Tomcat/11.0.14] 
25-12-22 19:54:27.413 [main] INFO  o.s.b.w.c.s.WebApplicationContextInitializer - Root WebApplicationContext: initialization completed in 3594 ms 
25-12-22 19:54:28.197 [cluster-ClusterId{value='6949549ca7ae78812c9f7957', description='Cluster0'}-srv-cluster0.smqbtnc.mongodb.net] INFO  org.mongodb.driver.cluster - Adding discovered server ac-ymlp8ws-shard-00-00.smqbtnc.mongodb.net:27017 to client view of cluster 
25-12-22 19:54:28.234 [main] INFO  org.mongodb.driver.client - MongoClient with metadata {"application": {"name": "Cluster0"}, "driver": {"name": "mongo-java-driver|spring-boot|sync", "version": "5.6.1"}, "os": {"type": "Windows", "name": "Windows 11", "architecture": "amd64", "version": "10.0"}, "platform": "Java/Oracle Corporation/17.0.12+8-LTS-286"} created with settings MongoClientSettings{readPreference=primary, writeConcern=WriteConcern{w=null, wTimeout=null ms, journal=null}, retryWrites=true, retryReads=true, readConcern=ReadConcern{level=null}, credential=MongoCredential{mechanism=null, userName='animeshjojo', source='admin', password=<hidden>, mechanismProperties=<hidden>}, transportSettings=null, commandListeners=[], codecRegistry=ProvidersCodecRegistry{codecProviders=[ValueCodecProvider{}, BsonValueCodecProvider{}, DBRefCodecProvider{}, DBObjectCodecProvider{}, DocumentCodecProvider{}, CollectionCodecProvider{}, IterableCodecProvider{}, MapCodecProvider{}, GeoJsonCodecProvider{}, GridFSFileCodecProvider{}, Jsr310CodecProvider{}, JsonObjectCodecProvider{}, BsonCodecProvider{}, com.mongodb.client.model.mql.ExpressionCodecProvider@7d2c345d, com.mongodb.Jep395RecordCodecProvider@217dc48e, com.mongodb.KotlinCodecProvider@5db948c9, EnumCodecProvider{}]}, loggerSettings=LoggerSettings{maxDocumentLength=1000}, clusterSettings={hosts=[127.0.0.1:27017], srvHost=cluster0.smqbtnc.mongodb.net, srvServiceName=mongodb, mode=MULTIPLE, requiredClusterType=REPLICA_SET, requiredReplicaSetName='atlas-jhfbgt-shard-0', serverSelector='null', clusterListeners='[]', serverSelectionTimeout='30000 ms', localThreshold='15 ms'}, socketSettings=SocketSettings{connectTimeoutMS=10000, readTimeoutMS=0, receiveBufferSize=0, proxySettings=ProxySettings{host=null, port=null, username=null, password=null}}, heartbeatSocketSettings=SocketSettings{connectTimeoutMS=10000, readTimeoutMS=10000, receiveBufferSize=0, proxySettings=ProxySettings{host=null, port=null, username=null, password=null}}, connectionPoolSettings=ConnectionPoolSettings{maxSize=100, minSize=0, maxWaitTimeMS=120000, maxConnectionLifeTimeMS=0, maxConnectionIdleTimeMS=0, maintenanceInitialDelayMS=0, maintenanceFrequencyMS=60000, connectionPoolListeners=[], maxConnecting=2}, serverSettings=ServerSettings{heartbeatFrequencyMS=10000, minHeartbeatFrequencyMS=500, serverMonitoringMode=AUTO, serverListeners='[]', serverMonitorListeners='[]'}, sslSettings=SslSettings{enabled=true, invalidHostNameAllowed=false, context=null}, applicationName='Cluster0', compressorList=[], uuidRepresentation=UNSPECIFIED, serverApi=null, autoEncryptionSettings=null, dnsClient=null, inetAddressResolver=null, contextProvider=null, timeoutMS=null} 
25-12-22 19:54:28.287 [cluster-ClusterId{value='6949549ca7ae78812c9f7957', description='Cluster0'}-srv-cluster0.smqbtnc.mongodb.net] INFO  org.mongodb.driver.cluster - Adding discovered server ac-ymlp8ws-shard-00-01.smqbtnc.mongodb.net:27017 to client view of cluster 
25-12-22 19:54:28.289 [cluster-ClusterId{value='6949549ca7ae78812c9f7957', description='Cluster0'}-srv-cluster0.smqbtnc.mongodb.net] INFO  org.mongodb.driver.cluster - Adding discovered server ac-ymlp8ws-shard-00-02.smqbtnc.mongodb.net:27017 to client view of cluster 
25-12-22 19:54:29.599 [main] INFO  org.mongodb.driver.cluster - Waiting for server to become available for operation createIndexes with ID 5. Remaining time: 29985 ms. Selector: WritableServerSelector, topology description: {type=REPLICA_SET, servers=[{address=ac-ymlp8ws-shard-00-00.smqbtnc.mongodb.net:27017, type=UNKNOWN, state=CONNECTING}, {address=ac-ymlp8ws-shard-00-01.smqbtnc.mongodb.net:27017, type=UNKNOWN, state=CONNECTING}, {address=ac-ymlp8ws-shard-00-02.smqbtnc.mongodb.net:27017, type=UNKNOWN, state=CONNECTING}]. 
25-12-22 19:54:29.689 [cluster-ClusterId{value='6949549ca7ae78812c9f7957', description='Cluster0'}-ac-ymlp8ws-shard-00-01.smqbtnc.mongodb.net:27017] INFO  org.mongodb.driver.cluster - Monitor thread successfully connected to server with description ServerDescription{address=ac-ymlp8ws-shard-00-01.smqbtnc.mongodb.net:27017, type=REPLICA_SET_PRIMARY, cryptd=false, state=CONNECTED, ok=true, minWireVersion=0, maxWireVersion=25, maxDocumentSize=16777216, logicalSessionTimeoutMinutes=30, roundTripTimeNanos=828836600, minRoundTripTimeNanos=0, setName='atlas-jhfbgt-shard-0', canonicalAddress=ac-ymlp8ws-shard-00-01.smqbtnc.mongodb.net:27017, hosts=[ac-ymlp8ws-shard-00-00.smqbtnc.mongodb.net:27017, ac-ymlp8ws-shard-00-01.smqbtnc.mongodb.net:27017, ac-ymlp8ws-shard-00-02.smqbtnc.mongodb.net:27017], passives=[], arbiters=[], primary='ac-ymlp8ws-shard-00-01.smqbtnc.mongodb.net:27017', tagSet=TagSet{[Tag{name='availabilityZone', value='aps1-az3'}, Tag{name='diskState', value='READY'}, Tag{name='nodeType', value='ELECTABLE'}, Tag{name='provider', value='AWS'}, Tag{name='region', value='AP_SOUTH_1'}, Tag{name='workloadType', value='OPERATIONAL'}]}, electionId=7fffffff000000000000013b, setVersion=342, topologyVersion=TopologyVersion{processId=6942e39f6e04aa748dda7da2, counter=6}, lastWriteDate=Mon Dec 22 19:54:29 IST 2025, lastUpdateTimeNanos=1561085849604600} 
25-12-22 19:54:29.691 [cluster-ClusterId{value='6949549ca7ae78812c9f7957', description='Cluster0'}-ac-ymlp8ws-shard-00-02.smqbtnc.mongodb.net:27017] INFO  org.mongodb.driver.cluster - Monitor thread successfully connected to server with description ServerDescription{address=ac-ymlp8ws-shard-00-02.smqbtnc.mongodb.net:27017, type=REPLICA_SET_SECONDARY, cryptd=false, state=CONNECTED, ok=true, minWireVersion=0, maxWireVersion=25, maxDocumentSize=16777216, logicalSessionTimeoutMinutes=30, roundTripTimeNanos=827236600, minRoundTripTimeNanos=0, setName='atlas-jhfbgt-shard-0', canonicalAddress=ac-ymlp8ws-shard-00-02.smqbtnc.mongodb.net:27017, hosts=[ac-ymlp8ws-shard-00-00.smqbtnc.mongodb.net:27017, ac-ymlp8ws-shard-00-01.smqbtnc.mongodb.net:27017, ac-ymlp8ws-shard-00-02.smqbtnc.mongodb.net:27017], passives=[], arbiters=[], primary='ac-ymlp8ws-shard-00-01.smqbtnc.mongodb.net:27017', tagSet=TagSet{[Tag{name='availabilityZone', value='aps1-az2'}, Tag{name='diskState', value='READY'}, Tag{name='nodeType', value='ELECTABLE'}, Tag{name='provider', value='AWS'}, Tag{name='region', value='AP_SOUTH_1'}, Tag{name='workloadType', value='OPERATIONAL'}]}, electionId=null, setVersion=342, topologyVersion=TopologyVersion{processId=6942e3e41755a39e3578aea7, counter=3}, lastWriteDate=Mon Dec 22 19:54:29 IST 2025, lastUpdateTimeNanos=1561085849604200} 
25-12-22 19:54:29.698 [cluster-ClusterId{value='6949549ca7ae78812c9f7957', description='Cluster0'}-ac-ymlp8ws-shard-00-01.smqbtnc.mongodb.net:27017] INFO  org.mongodb.driver.cluster - Discovered replica set primary ac-ymlp8ws-shard-00-01.smqbtnc.mongodb.net:27017 with max election id 7fffffff000000000000013b and max set version 342 
25-12-22 19:54:29.750 [cluster-ClusterId{value='6949549ca7ae78812c9f7957', description='Cluster0'}-ac-ymlp8ws-shard-00-00.smqbtnc.mongodb.net:27017] INFO  org.mongodb.driver.cluster - Monitor thread successfully connected to server with description ServerDescription{address=ac-ymlp8ws-shard-00-00.smqbtnc.mongodb.net:27017, type=REPLICA_SET_SECONDARY, cryptd=false, state=CONNECTED, ok=true, minWireVersion=0, maxWireVersion=25, maxDocumentSize=16777216, logicalSessionTimeoutMinutes=30, roundTripTimeNanos=896093200, minRoundTripTimeNanos=0, setName='atlas-jhfbgt-shard-0', canonicalAddress=ac-ymlp8ws-shard-00-00.smqbtnc.mongodb.net:27017, hosts=[ac-ymlp8ws-shard-00-00.smqbtnc.mongodb.net:27017, ac-ymlp8ws-shard-00-01.smqbtnc.mongodb.net:27017, ac-ymlp8ws-shard-00-02.smqbtnc.mongodb.net:27017], passives=[], arbiters=[], primary='ac-ymlp8ws-shard-00-01.smqbtnc.mongodb.net:27017', tagSet=TagSet{[Tag{name='availabilityZone', value='aps1-az1'}, Tag{name='diskState', value='READY'}, Tag{name='nodeType', value='ELECTABLE'}, Tag{name='provider', value='AWS'}, Tag{name='region', value='AP_SOUTH_1'}, Tag{name='workloadType', value='OPERATIONAL'}]}, electionId=null, setVersion=342, topologyVersion=TopologyVersion{processId=6942e35cc164a3f33437ebcb, counter=4}, lastWriteDate=Mon Dec 22 19:54:29 IST 2025, lastUpdateTimeNanos=1561085916885100} 
25-12-22 19:54:31.304 [main] WARN  o.s.s.c.a.a.c.InitializeUserDetailsBeanManagerConfigurer$InitializeUserDetailsManagerConfigurer - Global AuthenticationManager configured with an AuthenticationProvider bean. UserDetailsService beans will not be used by Spring Security for automatically configuring username/password login. Consider removing the AuthenticationProvider bean. Alternatively, consider using the UserDetailsService in a manually instantiated DaoAuthenticationProvider. If the current configuration is intentional, to turn off this warning, increase the logging level of 'org.springframework.security.config.annotation.authentication.configuration.InitializeUserDetailsBeanManagerConfigurer' to ERROR 
25-12-22 19:54:32.885 [main] INFO  o.a.coyote.http11.Http11NioProtocol - Starting ProtocolHandler ["http-nio-8080"] 
25-12-22 19:54:32.966 [main] INFO  o.s.boot.tomcat.TomcatWebServer - Tomcat started on port 8080 (http) with context path '/app' 
25-12-22 19:54:32.988 [main] INFO  c.animesh.journal.JournalApplication - Started JournalApplication in 10.513 seconds (process running for 12.173) 
25-12-22 19:54:37.343 [http-nio-8080-exec-2] INFO  o.a.c.c.C.[.[localhost].[/app] - Initializing Spring DispatcherServlet 'dispatcherServlet' 
25-12-22 19:54:37.344 [http-nio-8080-exec-2] INFO  o.s.web.servlet.DispatcherServlet - Initializing Servlet 'dispatcherServlet' 
25-12-22 19:54:37.347 [http-nio-8080-exec-2] INFO  o.s.web.servlet.DispatcherServlet - Completed initialization in 3 ms 
25-12-22 19:55:29.606 [SpringApplicationShutdownHook] INFO  o.s.boot.tomcat.GracefulShutdown - Commencing graceful shutdown. Waiting for active requests to complete 
25-12-22 19:55:29.953 [tomcat-shutdown] INFO  o.s.boot.tomcat.GracefulShutdown - Graceful shutdown complete 
